#
# There is insufficient memory for the Java Runtime Environment to continue.
# Native memory allocation (mmap) failed to map 268435456 bytes for Failed to commit area from 0x0000000701000000 to 0x0000000711000000 of length 268435456.
# Possible reasons:
#   The system is out of physical RAM or swap space
#   The process is running with CompressedOops enabled, and the Java Heap may be blocking the growth of the native heap
# Possible solutions:
#   Reduce memory load on the system
#   Increase physical memory or swap space
#   Check if swap backing store is full
#   Decrease Java heap size (-Xmx/-Xms)
#   Decrease number of Java threads
#   Decrease Java thread stack sizes (-Xss)
#   Set larger code cache with -XX:ReservedCodeCacheSize=
# This output file may be truncated or incomplete.
#
#  Out of Memory Error (t:/workspace/open/src/hotspot/os/windows/os_windows.cpp:3269), pid=42800, tid=35960
#
# JRE version:  (11.0+28) (build )
# Java VM: OpenJDK 64-Bit Server VM (11+28, mixed mode, aot, sharing, tiered, compressed oops, g1 gc, windows-amd64)
# No core dump will be written. Minidumps are not enabled by default on client versions of Windows
#

---------------  S U M M A R Y ------------

Command Line: -XX:TieredStopAtLevel=1 -Xverify:none -Dspring.output.ansi.enabled=always -javaagent:C:\Users\kdh03\AppData\Local\JetBrains\IntelliJ IDEA 2020.3.1\lib\idea_rt.jar=58840:C:\Users\kdh03\AppData\Local\JetBrains\IntelliJ IDEA 2020.3.1\bin -Dcom.sun.management.jmxremote -Dspring.jmx.enabled=true -Dspring.liveBeansView.mbeanDomain -Dspring.application.admin.enabled=true -Dfile.encoding=UTF-8 waffle.team3.wafflestagram.WafflestagramApplicationKt

Host: AMD Ryzen 7 3700X 8-Core Processor             , 16 cores, 15G,  Windows 10 , 64 bit Build 19041 (10.0.19041.1348)
Time: Sun Nov 21 16:26:01 2021 대한민국 표준시 elapsed time: 0 seconds (0d 0h 0m 0s)

---------------  T H R E A D  ---------------

Current thread (0x000002ddcd692800):  JavaThread "Unknown thread" [_thread_in_vm, id=35960, stack(0x000000e4f4600000,0x000000e4f4700000)]

Stack: [0x000000e4f4600000,0x000000e4f4700000]
Native frames: (J=compiled Java code, j=interpreted, Vv=VM code, C=native code)
V  [jvm.dll+0x63adaa]
V  [jvm.dll+0x77852f]
V  [jvm.dll+0x779b18]
V  [jvm.dll+0x77a1d3]
V  [jvm.dll+0x2624c8]
V  [jvm.dll+0x63825a]
V  [jvm.dll+0x62cb15]
V  [jvm.dll+0x31563c]
V  [jvm.dll+0x3154c2]
V  [jvm.dll+0x31ad36]
V  [jvm.dll+0x36726f]
V  [jvm.dll+0x366c90]
V  [jvm.dll+0x2f2378]
V  [jvm.dll+0x2f34d6]
V  [jvm.dll+0x7517d7]
V  [jvm.dll+0x752f1f]
V  [jvm.dll+0x374099]
V  [jvm.dll+0x738059]
V  [jvm.dll+0x3e35fd]
V  [jvm.dll+0x3e5961]
C  [java.exe+0x3603]
C  [java.exe+0x1746c]
C  [KERNEL32.DLL+0x17034]
C  [ntdll.dll+0x52651]


---------------  P R O C E S S  ---------------

Threads class SMR info:
_java_thread_list=0x000002ddcb4604d0, length=0, elements={
}

Java Threads: ( => current thread )

Other Threads:
  0x000002ddcd6ac000 GCTaskThread "GC Thread#0" [stack: 0x000000e4f4700000,0x000000e4f4800000] [id=29264]
  0x000002ddcd70c000 ConcurrentGCThread "G1 Main Marker" [stack: 0x000000e4f4800000,0x000000e4f4900000] [id=39316]
  0x000002ddcd70d800 ConcurrentGCThread "G1 Conc#0" [stack: 0x000000e4f4900000,0x000000e4f4a00000] [id=69428]

[error occurred during error reporting (printing all threads), id 0xc0000005, EXCEPTION_ACCESS_VIOLATION (0xc0000005) at pc=0x00007ffd7e480d37]

VM state:not at safepoint (not fully initialized)

VM Mutex/Monitor currently owned by a thread:  ([mutex/lock_event])
[0x000002ddcd690870] Heap_lock - owner thread: 0x000002ddcd692800

Heap address: 0x0000000701000000, size: 4080 MB, Compressed Oops mode: Non-zero based: 0x0000000701000000
Narrow klass base: 0x0000000000000000, Narrow klass shift: 0

GC Heap History (0 events):
No events

Deoptimization events (0 events):
No events

Classes redefined (0 events):
No events

Internal exceptions (0 events):
No events

Events (0 events):
No events


Dynamic libraries:
0x00007ff7de3c0000 - 0x00007ff7de405000 	C:\Program Files\OpenJDK\jdk-11\bin\java.exe
0x00007ffdca1d0000 - 0x00007ffdca3c5000 	C:\WINDOWS\SYSTEM32\ntdll.dll
0x00007ffdbe770000 - 0x00007ffdbe786000 	C:\Program Files\Avast Software\Avast\aswhook.dll
0x00007ffdc9500000 - 0x00007ffdc95be000 	C:\WINDOWS\System32\KERNEL32.DLL
0x00007ffdc78f0000 - 0x00007ffdc7bb8000 	C:\WINDOWS\System32\KERNELBASE.dll
0x00007ffdc8220000 - 0x00007ffdc83c1000 	C:\WINDOWS\System32\USER32.dll
0x00007ffdc8030000 - 0x00007ffdc8052000 	C:\WINDOWS\System32\win32u.dll
0x00007ffdc8940000 - 0x00007ffdc896b000 	C:\WINDOWS\System32\GDI32.dll
0x00007ffdc7bc0000 - 0x00007ffdc7ccb000 	C:\WINDOWS\System32\gdi32full.dll
0x00007ffdc7f90000 - 0x00007ffdc802d000 	C:\WINDOWS\System32\msvcp_win.dll
0x00007ffdc7e60000 - 0x00007ffdc7f60000 	C:\WINDOWS\System32\ucrtbase.dll
0x00007ffdb84b0000 - 0x00007ffdb874a000 	C:\WINDOWS\WinSxS\amd64_microsoft.windows.common-controls_6595b64144ccf1df_6.0.19041.1110_none_60b5254171f9507e\COMCTL32.dll
0x00007ffdc95f0000 - 0x00007ffdc968e000 	C:\WINDOWS\System32\msvcrt.dll
0x00007ffdc95c0000 - 0x00007ffdc95f0000 	C:\WINDOWS\System32\IMM32.DLL
0x00007ffdb88d0000 - 0x00007ffdb88e6000 	C:\Program Files\OpenJDK\jdk-11\bin\vcruntime140.dll
0x00007ffda8e50000 - 0x00007ffda8efa000 	C:\Program Files\OpenJDK\jdk-11\bin\msvcp140.dll
0x00007ffd7e180000 - 0x00007ffd7ecc1000 	C:\Program Files\OpenJDK\jdk-11\bin\server\jvm.dll
0x00007ffdc8eb0000 - 0x00007ffdc8f5c000 	C:\WINDOWS\System32\ADVAPI32.dll
0x00007ffdc83f0000 - 0x00007ffdc848b000 	C:\WINDOWS\System32\sechost.dll
0x00007ffdc9f90000 - 0x00007ffdca0ba000 	C:\WINDOWS\System32\RPCRT4.dll
0x00007ffdc9840000 - 0x00007ffdc9848000 	C:\WINDOWS\System32\PSAPI.DLL
0x00007ffdbd220000 - 0x00007ffdbd229000 	C:\WINDOWS\SYSTEM32\WSOCK32.dll
0x00007ffdc1d20000 - 0x00007ffdc1d2a000 	C:\WINDOWS\SYSTEM32\VERSION.dll
0x00007ffdc8d80000 - 0x00007ffdc8deb000 	C:\WINDOWS\System32\WS2_32.dll
0x00007ffdb8800000 - 0x00007ffdb8827000 	C:\WINDOWS\SYSTEM32\WINMM.dll
0x00007ffdc57d0000 - 0x00007ffdc57e2000 	C:\WINDOWS\SYSTEM32\kernel.appcore.dll
0x00007ffda9410000 - 0x00007ffda9421000 	C:\Program Files\OpenJDK\jdk-11\bin\verify.dll
0x00007ffdc0890000 - 0x00007ffdc0a74000 	C:\WINDOWS\SYSTEM32\DBGHELP.DLL
0x00007ffdc0f90000 - 0x00007ffdc0fbc000 	C:\WINDOWS\SYSTEM32\dbgcore.DLL
0x00007ffdc7dd0000 - 0x00007ffdc7e53000 	C:\WINDOWS\System32\bcryptPrimitives.dll
0x00007ffda8e20000 - 0x00007ffda8e48000 	C:\Program Files\OpenJDK\jdk-11\bin\java.dll
0x00007ffdac350000 - 0x00007ffdac37f000 	C:\Program Files\OpenJDK\jdk-11\bin\instrument.dll
0x00007ffda8fb0000 - 0x00007ffda8fc6000 	C:\Program Files\OpenJDK\jdk-11\bin\zip.dll
0x00007ffdc01e0000 - 0x00007ffdc01ea000 	C:\Program Files\OpenJDK\jdk-11\bin\jimage.dll

dbghelp: loaded successfully - version: 4.0.5 - missing functions: none
symbol engine: initialized successfully - sym options: 0x614 - pdb path: .;C:\Program Files\OpenJDK\jdk-11\bin;C:\WINDOWS\SYSTEM32;C:\Program Files\Avast Software\Avast;C:\WINDOWS\WinSxS\amd64_microsoft.windows.common-controls_6595b64144ccf1df_6.0.19041.1110_none_60b5254171f9507e;C:\Program Files\OpenJDK\jdk-11\bin\server

VM Arguments:
jvm_args: -XX:TieredStopAtLevel=1 -Xverify:none -Dspring.output.ansi.enabled=always -javaagent:C:\Users\kdh03\AppData\Local\JetBrains\IntelliJ IDEA 2020.3.1\lib\idea_rt.jar=58840:C:\Users\kdh03\AppData\Local\JetBrains\IntelliJ IDEA 2020.3.1\bin -Dcom.sun.management.jmxremote -Dspring.jmx.enabled=true -Dspring.liveBeansView.mbeanDomain -Dspring.application.admin.enabled=true -Dfile.encoding=UTF-8 
java_command: waffle.team3.wafflestagram.WafflestagramApplicationKt
java_class_path (initial): C:\Users\kdh03\waffle\team3-server\build\classes\kotlin\main;C:\Users\kdh03\waffle\team3-server\build\resources\main;C:\Users\kdh03\.gradle\caches\modules-2\files-2.1\org.springframework.boot\spring-boot-starter-data-jpa\2.6.0\515f5ccf433b375ffdf6ffec27fb08cae3fedaba\spring-boot-starter-data-jpa-2.6.0.jar;C:\Users\kdh03\.gradle\caches\modules-2\files-2.1\org.springframework.boot\spring-boot-starter-security\2.6.0\e4d3377b73231e2726eebcafafbdc282e07a97c2\spring-boot-starter-security-2.6.0.jar;C:\Users\kdh03\.gradle\caches\modules-2\files-2.1\org.springframework.boot\spring-boot-starter-validation\2.6.0\1d95c8060436fa20bec403daff713d9471a45e58\spring-boot-starter-validation-2.6.0.jar;C:\Users\kdh03\.gradle\caches\modules-2\files-2.1\org.springframework.boot\spring-boot-starter-web\2.6.0\483a28b67c507a21b8c4ff62d88cd811911e5641\spring-boot-starter-web-2.6.0.jar;C:\Users\kdh03\.gradle\caches\modules-2\files-2.1\com.fasterxml.jackson.module\jackson-module-kotlin\2.13.0\b736427958e447cc4a3c8c6a69e2deb4f6250252\jackson-module-kotlin-2.13.0.jar;C:\Users\kdh03\.gradle\caches\modules-2\files-2.1\org.jetbrains.kotlin\kotlin-reflect\1.6.0\a215a7f914d5916dc5fd2d45cea16524e0220203\kotlin-reflect-1.6.0.jar;C:\Users\kdh03\.gradle\caches\modules-2\files-2.1\org.jetbrains.kotlin\kotlin-stdlib-jdk8\1.6.0\baf82c475e9372c25407f3d132439e4aa803b8b8\kotlin-stdlib-jdk8-1.6.0.jar;C:\Users\kdh03\.gradle\caches\modules-2\files-2.1\org.springframework.boot\spring-boot-starter-aop\2.6.0\2f63ef462b61a2198b40a6ea62defb9d5088b077\spring-boot-starter-aop-2.6.0.jar;C:\Users\kdh03\.gradle\caches\modules-2\files-2.1\org.springframework.boot\spring-boot-starter-jdbc\2.6.0\4281c2237b3fafef40c94cef29623e920b633ab9\spring-boot-starter-jdbc-2.6.0.jar;C:\Users\kdh03\.gradle\caches\modules-2\files-2.1\jakarta.transaction\jakarta.transaction-api\1.3.3\c4179d48720a1e87202115fbed6089bdc4195405\jakarta.transaction-api-1.3.3.jar;C:\Users\kdh03\.gradle\caches\modules-2\files-2.1\jakarta
Launcher Type: SUN_STANDARD

[Global flags]
     bool BytecodeVerificationLocal                = false                                     {product} {command line}
     bool BytecodeVerificationRemote               = false                                     {product} {command line}
     intx CICompilerCount                          = 12                                        {product} {ergonomic}
     uint ConcGCThreads                            = 3                                         {product} {ergonomic}
     uint G1ConcRefinementThreads                  = 13                                        {product} {ergonomic}
   size_t G1HeapRegionSize                         = 1048576                                   {product} {ergonomic}
    uintx GCDrainStackTargetSize                   = 64                                        {product} {ergonomic}
   size_t InitialHeapSize                          = 268435456                                 {product} {ergonomic}
     bool ManagementServer                         = true                                      {product} {command line}
   size_t MarkStackSize                            = 4194304                                   {product} {ergonomic}
   size_t MaxHeapSize                              = 4278190080                                {product} {ergonomic}
   size_t MinHeapDeltaBytes                        = 1048576                                   {product} {ergonomic}
    uintx NonNMethodCodeHeapSize                   = 12163472                               {pd product} {ergonomic}
    uintx NonProfiledCodeHeapSize                  = 239494768                              {pd product} {ergonomic}
    uintx ProfiledCodeHeapSize                     = 0                                      {pd product} {ergonomic}
    uintx ReservedCodeCacheSize                    = 251658240                              {pd product} {ergonomic}
     bool SegmentedCodeCache                       = true                                      {product} {ergonomic}
     intx TieredStopAtLevel                        = 1                                         {product} {command line}
     bool UseCompressedClassPointers               = true                                 {lp64_product} {ergonomic}
     bool UseCompressedOops                        = true                                 {lp64_product} {ergonomic}
     bool UseG1GC                                  = true                                      {product} {ergonomic}
     bool UseLargePagesIndividualAllocation        = false                                  {pd product} {ergonomic}

Logging:
Log output configuration:
 #0: stdout all=warning uptime,level,tags
 #1: stderr all=off uptime,level,tags

Environment Variables:
JAVA_HOME=C:\Program Files\jdk-11
PATH=C:\WINDOWS\system32;C:\WINDOWS;C:\WINDOWS\System32\Wbem;C:\WINDOWS\System32\WindowsPowerShell\v1.0\;C:\WINDOWS\System32\OpenSSH\;C:\Program Files\Git\cmd;C:\Program Files\nodejs\;C:\MinGW\bin;C:\Program Files\Graphviz 2.44.1\bin;C:\Program Files\jdk-11\bin;C:\Program Files\MATLAB\R2021a\bin;C:\Program Files\MySQL\MySQL Server 8.0\bin;;C:\Program Files\Docker\Docker\resources\bin;C:\ProgramData\DockerDesktop\version-bin;C:\HashiCorp\Vagrant\bin;C:\Users\kdh03\AppData\Local\Programs\Python\Python39\Scripts\;C:\Users\kdh03\AppData\Local\Programs\Python\Python39\;C:\Users\kdh03\AppData\Local\Microsoft\WindowsApps;C:\Users\kdh03\AppData\Roaming\npm;C:\Users\kdh03\AppData\Local\Programs\Microsoft VS Code\bin;C:\Program Files\jdk-11\bin;C:\Users\kdh03\AppData\Local\afreeca;
USERNAME=kdh03
OS=Windows_NT
PROCESSOR_IDENTIFIER=AMD64 Family 23 Model 113 Stepping 0, AuthenticAMD



---------------  S Y S T E M  ---------------

OS: Windows 10 , 64 bit Build 19041 (10.0.19041.1348)

CPU:total 16 (initial active 16) (16 cores per cpu, 2 threads per core) family 23 model 113 stepping 0, cmov, cx8, fxsr, mmx, sse, sse2, sse3, ssse3, sse4.1, sse4.2, popcnt, avx, avx2, aes, clmul, mmxext, 3dnowpref, lzcnt, sse4a, ht, tsc, tscinvbit, tscinv, bmi1, bmi2, adx, sha, fma

Memory: 4k page, system-wide physical 16315M (3163M free)
TotalPageFile size 16315M (AvailPageFile size 51M)
current process WorkingSet (physical memory assigned to process): 10M, peak: 10M
current process commit charge ("private bytes"): 69M, peak: 325M

vm_info: OpenJDK 64-Bit Server VM (11+28) for windows-amd64 JRE (11+28), built on Aug 23 2018 03:04:58 by "mach5one" with MS VC++ 15.5 (VS2017)

END.
