#
# There is insufficient memory for the Java Runtime Environment to continue.
# Native memory allocation (mmap) failed to map 54525952 bytes for Failed to commit area from 0x0000000711000000 to 0x0000000714400000 of length 54525952.
# Possible reasons:
#   The system is out of physical RAM or swap space
#   The process is running with CompressedOops enabled, and the Java Heap may be blocking the growth of the native heap
# Possible solutions:
#   Reduce memory load on the system
#   Increase physical memory or swap space
#   Check if swap backing store is full
#   Decrease Java heap size (-Xmx/-Xms)
#   Decrease number of Java threads
#   Decrease Java thread stack sizes (-Xss)
#   Set larger code cache with -XX:ReservedCodeCacheSize=
#   JVM is running with Zero Based Compressed Oops mode in which the Java heap is
#     placed in the first 32GB address space. The Java Heap base address is the
#     maximum limit for the native heap growth. Please use -XX:HeapBaseMinAddress
#     to set the Java Heap base and to place the Java Heap above 32GB virtual address.
# This output file may be truncated or incomplete.
#
#  Out of Memory Error (t:/workspace/open/src/hotspot/os/windows/os_windows.cpp:3269), pid=41040, tid=9124
#
# JRE version: OpenJDK Runtime Environment (11.0+28) (build 11+28)
# Java VM: OpenJDK 64-Bit Server VM (11+28, mixed mode, tiered, compressed oops, g1 gc, windows-amd64)
# No core dump will be written. Minidumps are not enabled by default on client versions of Windows
#

---------------  S U M M A R Y ------------

Command Line: -XX:TieredStopAtLevel=1 -Xverify:none -Dspring.output.ansi.enabled=always -javaagent:C:\Users\kdh03\AppData\Local\JetBrains\IntelliJ IDEA 2020.3.1\lib\idea_rt.jar=52959:C:\Users\kdh03\AppData\Local\JetBrains\IntelliJ IDEA 2020.3.1\bin -Dcom.sun.management.jmxremote -Dspring.jmx.enabled=true -Dspring.liveBeansView.mbeanDomain -Dspring.application.admin.enabled=true -Dfile.encoding=UTF-8 waffle.team3.wafflestagram.WafflestagramApplicationKt

Host: AMD Ryzen 7 3700X 8-Core Processor             , 16 cores, 15G,  Windows 10 , 64 bit Build 19041 (10.0.19041.1348)
Time: Thu Dec 30 20:24:25 2021 대한민국 표준시 elapsed time: 10 seconds (0d 0h 0m 10s)

---------------  T H R E A D  ---------------

Current thread (0x00000260d7eed000):  VMThread "VM Thread" [stack: 0x00000081ac700000,0x00000081ac800000] [id=9124]

Stack: [0x00000081ac700000,0x00000081ac800000]
[error occurred during error reporting (printing stack bounds), id 0xc0000005, EXCEPTION_ACCESS_VIOLATION (0xc0000005) at pc=0x00000260bb4e0bad]

Native frames: (J=compiled Java code, j=interpreted, Vv=VM code, C=native code)
V  [jvm.dll+0x63adaa]
V  [jvm.dll+0x77852f]
V  [jvm.dll+0x779b18]
V  [jvm.dll+0x77a135]
V  [jvm.dll+0x77a0eb]
V  [jvm.dll+0x63a4a6]
V  [jvm.dll+0x63a878]
C  [ntdll.dll+0xa20cf]
C  [ntdll.dll+0x51454]
C  [ntdll.dll+0xa0bfe]
C  0x00000260bb4e0bad

VM_Operation (0x00000081af7fe6b0): G1CollectForAllocation, mode: safepoint, requested by thread 0x00000260dc76b000


---------------  P R O C E S S  ---------------

Threads class SMR info:
_java_thread_list=0x00000260dc8358f0, length=42, elements={
0x00000260b31f0000, 0x00000260d7f15800, 0x00000260d7f17000, 0x00000260d7f86800,
0x00000260d7f87800, 0x00000260d7f8a000, 0x00000260d7f8d000, 0x00000260d7ec1000,
0x00000260d80e0000, 0x00000260d80e5000, 0x00000260d874e000, 0x00000260d874f000,
0x00000260d8850000, 0x00000260d9553800, 0x00000260d9ff4000, 0x00000260da006800,
0x00000260d9ffd000, 0x00000260dbdfb800, 0x00000260dbe10800, 0x00000260dbe11000,
0x00000260dbe26800, 0x00000260dbf4a800, 0x00000260dc43b000, 0x00000260dc43c000,
0x00000260dc43a800, 0x00000260dc439800, 0x00000260dc767000, 0x00000260dc766800,
0x00000260dc769800, 0x00000260dc76a800, 0x00000260dc76d000, 0x00000260dc76d800,
0x00000260dc768000, 0x00000260dc769000, 0x00000260dc771000, 0x00000260dc76c000,
0x00000260dc76e800, 0x00000260dc76b000, 0x00000260dc775000, 0x00000260dc76f800,
0x00000260dc771800, 0x00000260dc773800
}

Java Threads: ( => current thread )
  0x00000260b31f0000 JavaThread "main" [_thread_blocked, id=11868, stack(0x00000081ac100000,0x00000081ac200000)]
  0x00000260d7f15800 JavaThread "Reference Handler" daemon [_thread_blocked, id=40692, stack(0x00000081ac800000,0x00000081ac900000)]
  0x00000260d7f17000 JavaThread "Finalizer" daemon [_thread_blocked, id=23856, stack(0x00000081ac900000,0x00000081aca00000)]
  0x00000260d7f86800 JavaThread "Signal Dispatcher" daemon [_thread_blocked, id=40244, stack(0x00000081aca00000,0x00000081acb00000)]
  0x00000260d7f87800 JavaThread "Attach Listener" daemon [_thread_blocked, id=27488, stack(0x00000081acb00000,0x00000081acc00000)]
  0x00000260d7f8a000 JavaThread "C1 CompilerThread0" daemon [_thread_blocked, id=6588, stack(0x00000081acc00000,0x00000081acd00000)]
  0x00000260d7f8d000 JavaThread "Sweeper thread" daemon [_thread_blocked, id=23532, stack(0x00000081acd00000,0x00000081ace00000)]
  0x00000260d7ec1000 JavaThread "Common-Cleaner" daemon [_thread_blocked, id=28828, stack(0x00000081ace00000,0x00000081acf00000)]
  0x00000260d80e0000 JavaThread "C1 CompilerThread1" daemon [_thread_blocked, id=13448, stack(0x00000081acf00000,0x00000081ad000000)]
  0x00000260d80e5000 JavaThread "C1 CompilerThread2" daemon [_thread_blocked, id=36876, stack(0x00000081ad000000,0x00000081ad100000)]
  0x00000260d874e000 JavaThread "Monitor Ctrl-Break" daemon [_thread_in_native, id=18388, stack(0x00000081ad200000,0x00000081ad300000)]
  0x00000260d874f000 JavaThread "Service Thread" daemon [_thread_blocked, id=7568, stack(0x00000081ad300000,0x00000081ad400000)]
  0x00000260d8850000 JavaThread "RMI TCP Accept-0" daemon [_thread_in_native, id=11424, stack(0x00000081ad100000,0x00000081ad200000)]
  0x00000260d9553800 JavaThread "RMI TCP Connection(2)-172.19.0.1" daemon [_thread_in_native, id=3628, stack(0x00000081ada00000,0x00000081adb00000)]
  0x00000260d9ff4000 JavaThread "RMI Scheduler(0)" daemon [_thread_blocked, id=38216, stack(0x00000081adf00000,0x00000081ae000000)]
  0x00000260da006800 JavaThread "C1 CompilerThread3" daemon [_thread_blocked, id=15976, stack(0x00000081ade00000,0x00000081adf00000)]
  0x00000260d9ffd000 JavaThread "C1 CompilerThread4" daemon [_thread_blocked, id=21312, stack(0x00000081ae000000,0x00000081ae100000)]
  0x00000260dbdfb800 JavaThread "Catalina-utility-1" [_thread_blocked, id=3608, stack(0x00000081ae100000,0x00000081ae200000)]
  0x00000260dbe10800 JavaThread "Catalina-utility-2" [_thread_blocked, id=37656, stack(0x00000081ae200000,0x00000081ae300000)]
  0x00000260dbe11000 JavaThread "container-0" [_thread_blocked, id=16300, stack(0x00000081ae300000,0x00000081ae400000)]
  0x00000260dbe26800 JavaThread "mysql-cj-abandoned-connection-cleanup" daemon [_thread_blocked, id=6668, stack(0x00000081ae400000,0x00000081ae500000)]
  0x00000260dbf4a800 JavaThread "HikariPool-1 housekeeper" daemon [_thread_blocked, id=21328, stack(0x00000081ae500000,0x00000081ae600000)]
  0x00000260dc43b000 JavaThread "RMI TCP Connection(3)-172.19.0.1" daemon [_thread_blocked, id=32848, stack(0x00000081ae900000,0x00000081aea00000)]
  0x00000260dc43c000 JavaThread "java-sdk-http-connection-reaper" daemon [_thread_blocked, id=11324, stack(0x00000081aea00000,0x00000081aeb00000)]
  0x00000260dc43a800 JavaThread "ClassGraph-worker-24" daemon [_thread_blocked, id=28332, stack(0x00000081ae600000,0x00000081ae700000)]
  0x00000260dc439800 JavaThread "ClassGraph-worker-25" daemon [_thread_blocked, id=3492, stack(0x00000081aeb00000,0x00000081aec00000)]
  0x00000260dc767000 JavaThread "ClassGraph-worker-26" daemon [_thread_blocked, id=20772, stack(0x00000081aec00000,0x00000081aed00000)]
  0x00000260dc766800 JavaThread "ClassGraph-worker-27" daemon [_thread_blocked, id=27632, stack(0x00000081aed00000,0x00000081aee00000)]
  0x00000260dc769800 JavaThread "ClassGraph-worker-28" daemon [_thread_blocked, id=13308, stack(0x00000081aee00000,0x00000081aef00000)]
  0x00000260dc76a800 JavaThread "ClassGraph-worker-29" daemon [_thread_blocked, id=36128, stack(0x00000081aef00000,0x00000081af000000)]
  0x00000260dc76d000 JavaThread "ClassGraph-worker-30" daemon [_thread_blocked, id=13200, stack(0x00000081af000000,0x00000081af100000)]
  0x00000260dc76d800 JavaThread "ClassGraph-worker-31" daemon [_thread_blocked, id=23228, stack(0x00000081af100000,0x00000081af200000)]
  0x00000260dc768000 JavaThread "ClassGraph-worker-32" daemon [_thread_blocked, id=25000, stack(0x00000081af200000,0x00000081af300000)]
  0x00000260dc769000 JavaThread "ClassGraph-worker-33" daemon [_thread_blocked, id=18780, stack(0x00000081af300000,0x00000081af400000)]
  0x00000260dc771000 JavaThread "ClassGraph-worker-34" daemon [_thread_blocked, id=21948, stack(0x00000081af400000,0x00000081af500000)]
  0x00000260dc76c000 JavaThread "ClassGraph-worker-35" daemon [_thread_blocked, id=11668, stack(0x00000081af500000,0x00000081af600000)]
  0x00000260dc76e800 JavaThread "ClassGraph-worker-36" daemon [_thread_blocked, id=10964, stack(0x00000081af600000,0x00000081af700000)]
  0x00000260dc76b000 JavaThread "ClassGraph-worker-37" daemon [_thread_blocked, id=39704, stack(0x00000081af700000,0x00000081af800000)]
  0x00000260dc775000 JavaThread "ClassGraph-worker-38" daemon [_thread_blocked, id=25236, stack(0x00000081af800000,0x00000081af900000)]
  0x00000260dc76f800 JavaThread "ClassGraph-worker-39" daemon [_thread_blocked, id=2192, stack(0x00000081af900000,0x00000081afa00000)]
  0x00000260dc771800 JavaThread "ClassGraph-worker-40" daemon [_thread_blocked, id=20552, stack(0x00000081afa00000,0x00000081afb00000)]
  0x00000260dc773800 JavaThread "ClassGraph-worker-41" daemon [_thread_blocked, id=33144, stack(0x00000081afb00000,0x00000081afc00000)]

Other Threads:
=>0x00000260d7eed000 VMThread "VM Thread" [stack: 0x00000081ac700000,0x00000081ac800000] [id=9124]
  0x00000260d885a000 WatcherThread [stack: 0x00000081ad400000,0x00000081ad500000] [id=12792]
  0x00000260b320a800 GCTaskThread "GC Thread#0" [stack: 0x00000081ac200000,0x00000081ac300000] [id=30524]
  0x00000260d9396800 GCTaskThread "GC Thread#1" [stack: 0x00000081ad500000,0x00000081ad600000] [id=33548]
  0x00000260d938c000 GCTaskThread "GC Thread#2" [stack: 0x00000081ad600000,0x00000081ad700000] [id=27512]
  0x00000260d938c800 GCTaskThread "GC Thread#3" [stack: 0x00000081ad700000,0x00000081ad800000] [id=20540]
  0x00000260d939f000 GCTaskThread "GC Thread#4" [stack: 0x00000081ad800000,0x00000081ad900000] [id=41548]
  0x00000260d939f800 GCTaskThread "GC Thread#5" [stack: 0x00000081ad900000,0x00000081ada00000] [id=9616]
  0x00000260dbf28800 GCTaskThread "GC Thread#6" [stack: 0x00000081ae700000,0x00000081ae800000] [id=40096]
  0x00000260dbf29800 GCTaskThread "GC Thread#7" [stack: 0x00000081ae800000,0x00000081ae900000] [id=40464]
  0x00000260b326a800 ConcurrentGCThread "G1 Main Marker" [stack: 0x00000081ac300000,0x00000081ac400000] [id=12716]
  0x00000260b326c000 ConcurrentGCThread "G1 Conc#0" [stack: 0x00000081ac400000,0x00000081ac500000] [id=30624]
  0x00000260d93a7800 ConcurrentGCThread "G1 Conc#1" [stack: 0x00000081adb00000,0x00000081adc00000] [id=33260]
  0x00000260d93a8800 ConcurrentGCThread "G1 Conc#2" [stack: 0x00000081adc00000,0x00000081add00000] [id=17944]
  0x00000260d6bc0800 ConcurrentGCThread "G1 Refine#0" [stack: 0x00000081ac500000,0x00000081ac600000] [id=24220]
  0x00000260d6bc1800 ConcurrentGCThread "G1 Young RemSet Sampling" [stack: 0x00000081ac600000,0x00000081ac700000] [id=18216]

Threads with active compile tasks:

VM state:at safepoint (normal execution)

VM Mutex/Monitor currently owned by a thread:  ([mutex/lock_event])
[0x00000260b31ee360] Threads_lock - owner thread: 0x00000260d7eed000
[0x00000260b31ee750] Heap_lock - owner thread: 0x00000260dc76b000

Heap address: 0x0000000701000000, size: 4080 MB, Compressed Oops mode: Zero based, Oop shift amount: 3
Narrow klass base: 0x0000000800000000, Narrow klass shift: 0
Compressed class space size: 1073741824 Address: 0x0000000800000000

Heap:
 garbage-first heap   total 315392K, used 46773K [0x0000000701000000, 0x0000000800000000)
  region size 1024K, 20 young (20480K), 20 survivors (20480K)
 Metaspace       used 76854K, capacity 78960K, committed 79152K, reserved 1120256K
  class space    used 9969K, capacity 10775K, committed 10880K, reserved 1048576K
Heap Regions: E=young(eden), S=young(survivor), O=old, HS=humongous(starts), HC=humongous(continues), CS=collection set, F=free, A=archive, TAMS=top-at-mark-start (previous, next)
|   0|0x0000000701000000, 0x0000000701100000, 0x0000000701100000|100%|HS|  |TAMS 0x0000000701100000, 0x0000000701000000| Complete 
|   1|0x0000000701100000, 0x0000000701200000, 0x0000000701200000|100%| O|  |TAMS 0x0000000701200000, 0x0000000701100000| Untracked 
|   2|0x0000000701200000, 0x0000000701300000, 0x0000000701300000|100%| O|  |TAMS 0x0000000701300000, 0x0000000701200000| Untracked 
|   3|0x0000000701300000, 0x0000000701400000, 0x0000000701400000|100%| O|  |TAMS 0x0000000701400000, 0x0000000701300000| Untracked 
|   4|0x0000000701400000, 0x0000000701500000, 0x0000000701500000|100%| O|  |TAMS 0x0000000701500000, 0x0000000701400000| Untracked 
|   5|0x0000000701500000, 0x0000000701600000, 0x0000000701600000|100%| O|  |TAMS 0x0000000701600000, 0x0000000701500000| Untracked 
|   6|0x0000000701600000, 0x0000000701700000, 0x0000000701700000|100%| O|  |TAMS 0x0000000701700000, 0x0000000701600000| Untracked 
|   7|0x0000000701700000, 0x0000000701800000, 0x0000000701800000|100%| O|  |TAMS 0x0000000701800000, 0x0000000701700000| Untracked 
|   8|0x0000000701800000, 0x0000000701900000, 0x0000000701900000|100%| O|  |TAMS 0x0000000701900000, 0x0000000701800000| Untracked 
|   9|0x0000000701900000, 0x0000000701a00000, 0x0000000701a00000|100%| O|  |TAMS 0x0000000701a00000, 0x0000000701900000| Untracked 
|  10|0x0000000701a00000, 0x0000000701b00000, 0x0000000701b00000|100%| O|  |TAMS 0x0000000701aa2200, 0x0000000701a00000| Untracked 
|  11|0x0000000701b00000, 0x0000000701c00000, 0x0000000701c00000|100%| O|  |TAMS 0x0000000701b00000, 0x0000000701b00000| Untracked 
|  12|0x0000000701c00000, 0x0000000701d00000, 0x0000000701d00000|100%| O|  |TAMS 0x0000000701c00000, 0x0000000701c00000| Untracked 
|  13|0x0000000701d00000, 0x0000000701e00000, 0x0000000701e00000|100%| O|  |TAMS 0x0000000701d00000, 0x0000000701d00000| Untracked 
|  14|0x0000000701e00000, 0x0000000701f00000, 0x0000000701f00000|100%| O|  |TAMS 0x0000000701e00000, 0x0000000701e00000| Untracked 
|  15|0x0000000701f00000, 0x0000000701f00000, 0x0000000702000000|  0%| F|  |TAMS 0x0000000701f00000, 0x0000000701f00000| Untracked 
|  16|0x0000000702000000, 0x0000000702100000, 0x0000000702100000|100%| O|  |TAMS 0x0000000702000000, 0x0000000702000000| Untracked 
|  17|0x0000000702100000, 0x0000000702200000, 0x0000000702200000|100%| O|  |TAMS 0x0000000702100000, 0x0000000702100000| Untracked 
|  18|0x0000000702200000, 0x0000000702300000, 0x0000000702300000|100%| O|  |TAMS 0x0000000702200000, 0x0000000702200000| Untracked 
|  19|0x0000000702300000, 0x0000000702400000, 0x0000000702400000|100%| O|  |TAMS 0x0000000702300000, 0x0000000702300000| Untracked 
|  20|0x0000000702400000, 0x0000000702500000, 0x0000000702500000|100%| O|  |TAMS 0x0000000702400000, 0x0000000702400000| Untracked 
|  21|0x0000000702500000, 0x0000000702600000, 0x0000000702600000|100%| O|  |TAMS 0x0000000702500000, 0x0000000702500000| Untracked 
|  22|0x0000000702600000, 0x0000000702700000, 0x0000000702700000|100%| O|  |TAMS 0x0000000702600000, 0x0000000702600000| Untracked 
|  23|0x0000000702700000, 0x0000000702800000, 0x0000000702800000|100%| O|  |TAMS 0x0000000702700000, 0x0000000702700000| Untracked 
|  24|0x0000000702800000, 0x0000000702900000, 0x0000000702900000|100%| O|  |TAMS 0x0000000702800000, 0x0000000702800000| Untracked 
|  25|0x0000000702900000, 0x0000000702a00000, 0x0000000702a00000|100%| O|  |TAMS 0x0000000702900000, 0x0000000702900000| Untracked 
|  26|0x0000000702a00000, 0x0000000702aad400, 0x0000000702b00000| 67%| O|  |TAMS 0x0000000702a00000, 0x0000000702a00000| Untracked 
|  27|0x0000000702b00000, 0x0000000702b00000, 0x0000000702c00000|  0%| F|  |TAMS 0x0000000702b00000, 0x0000000702b00000| Untracked 
|  28|0x0000000702c00000, 0x0000000702c00000, 0x0000000702d00000|  0%| F|  |TAMS 0x0000000702c00000, 0x0000000702c00000| Untracked 
|  29|0x0000000702d00000, 0x0000000702d00000, 0x0000000702e00000|  0%| F|  |TAMS 0x0000000702d00000, 0x0000000702d00000| Untracked 
|  30|0x0000000702e00000, 0x0000000702e00000, 0x0000000702f00000|  0%| F|  |TAMS 0x0000000702e00000, 0x0000000702e00000| Untracked 
|  31|0x0000000702f00000, 0x0000000702f00000, 0x0000000703000000|  0%| F|  |TAMS 0x0000000702f00000, 0x0000000702f00000| Untracked 
|  32|0x0000000703000000, 0x0000000703000000, 0x0000000703100000|  0%| F|  |TAMS 0x0000000703000000, 0x0000000703000000| Untracked 
|  33|0x0000000703100000, 0x0000000703100000, 0x0000000703200000|  0%| F|  |TAMS 0x0000000703100000, 0x0000000703100000| Untracked 
|  34|0x0000000703200000, 0x0000000703200000, 0x0000000703300000|  0%| F|  |TAMS 0x0000000703200000, 0x0000000703200000| Untracked 
|  35|0x0000000703300000, 0x0000000703300000, 0x0000000703400000|  0%| F|  |TAMS 0x0000000703300000, 0x0000000703300000| Untracked 
|  36|0x0000000703400000, 0x0000000703400000, 0x0000000703500000|  0%| F|  |TAMS 0x0000000703400000, 0x0000000703400000| Untracked 
|  37|0x0000000703500000, 0x0000000703500000, 0x0000000703600000|  0%| F|  |TAMS 0x0000000703500000, 0x0000000703500000| Untracked 
|  38|0x0000000703600000, 0x0000000703600000, 0x0000000703700000|  0%| F|  |TAMS 0x0000000703600000, 0x0000000703600000| Untracked 
|  39|0x0000000703700000, 0x0000000703700000, 0x0000000703800000|  0%| F|  |TAMS 0x0000000703700000, 0x0000000703700000| Untracked 
|  40|0x0000000703800000, 0x0000000703800000, 0x0000000703900000|  0%| F|  |TAMS 0x0000000703800000, 0x0000000703800000| Untracked 
|  41|0x0000000703900000, 0x0000000703900000, 0x0000000703a00000|  0%| F|  |TAMS 0x0000000703900000, 0x0000000703900000| Untracked 
|  42|0x0000000703a00000, 0x0000000703a00000, 0x0000000703b00000|  0%| F|  |TAMS 0x0000000703a00000, 0x0000000703a00000| Untracked 
|  43|0x0000000703b00000, 0x0000000703b00000, 0x0000000703c00000|  0%| F|  |TAMS 0x0000000703b00000, 0x0000000703b00000| Untracked 
|  44|0x0000000703c00000, 0x0000000703c00000, 0x0000000703d00000|  0%| F|  |TAMS 0x0000000703c00000, 0x0000000703c00000| Untracked 
|  45|0x0000000703d00000, 0x0000000703d00000, 0x0000000703e00000|  0%| F|  |TAMS 0x0000000703d00000, 0x0000000703d00000| Untracked 
|  46|0x0000000703e00000, 0x0000000703e00000, 0x0000000703f00000|  0%| F|  |TAMS 0x0000000703e00000, 0x0000000703e00000| Untracked 
|  47|0x0000000703f00000, 0x0000000703f00000, 0x0000000704000000|  0%| F|  |TAMS 0x0000000703f00000, 0x0000000703f00000| Untracked 
|  48|0x0000000704000000, 0x0000000704000000, 0x0000000704100000|  0%| F|  |TAMS 0x0000000704000000, 0x0000000704000000| Untracked 
|  49|0x0000000704100000, 0x0000000704100000, 0x0000000704200000|  0%| F|  |TAMS 0x0000000704100000, 0x0000000704100000| Untracked 
|  50|0x0000000704200000, 0x0000000704200000, 0x0000000704300000|  0%| F|  |TAMS 0x0000000704200000, 0x0000000704200000| Untracked 
|  51|0x0000000704300000, 0x0000000704300000, 0x0000000704400000|  0%| F|  |TAMS 0x0000000704300000, 0x0000000704300000| Untracked 
|  52|0x0000000704400000, 0x0000000704400000, 0x0000000704500000|  0%| F|  |TAMS 0x0000000704400000, 0x0000000704400000| Untracked 
|  53|0x0000000704500000, 0x0000000704500000, 0x0000000704600000|  0%| F|  |TAMS 0x0000000704500000, 0x0000000704500000| Untracked 
|  54|0x0000000704600000, 0x0000000704600000, 0x0000000704700000|  0%| F|  |TAMS 0x0000000704600000, 0x0000000704600000| Untracked 
|  55|0x0000000704700000, 0x0000000704700000, 0x0000000704800000|  0%| F|  |TAMS 0x0000000704700000, 0x0000000704700000| Untracked 
|  56|0x0000000704800000, 0x0000000704800000, 0x0000000704900000|  0%| F|  |TAMS 0x0000000704800000, 0x0000000704800000| Untracked 
|  57|0x0000000704900000, 0x0000000704900000, 0x0000000704a00000|  0%| F|  |TAMS 0x0000000704900000, 0x0000000704900000| Untracked 
|  58|0x0000000704a00000, 0x0000000704a00000, 0x0000000704b00000|  0%| F|  |TAMS 0x0000000704a00000, 0x0000000704a00000| Untracked 
|  59|0x0000000704b00000, 0x0000000704b00000, 0x0000000704c00000|  0%| F|  |TAMS 0x0000000704b00000, 0x0000000704b00000| Untracked 
|  60|0x0000000704c00000, 0x0000000704c00000, 0x0000000704d00000|  0%| F|  |TAMS 0x0000000704c00000, 0x0000000704c00000| Untracked 
|  61|0x0000000704d00000, 0x0000000704d00000, 0x0000000704e00000|  0%| F|  |TAMS 0x0000000704d00000, 0x0000000704d00000| Untracked 
|  62|0x0000000704e00000, 0x0000000704e00000, 0x0000000704f00000|  0%| F|  |TAMS 0x0000000704e00000, 0x0000000704e00000| Untracked 
|  63|0x0000000704f00000, 0x0000000704f00000, 0x0000000705000000|  0%| F|  |TAMS 0x0000000704f00000, 0x0000000704f00000| Untracked 
|  64|0x0000000705000000, 0x0000000705000000, 0x0000000705100000|  0%| F|  |TAMS 0x0000000705000000, 0x0000000705000000| Untracked 
|  65|0x0000000705100000, 0x0000000705100000, 0x0000000705200000|  0%| F|  |TAMS 0x0000000705100000, 0x0000000705100000| Untracked 
|  66|0x0000000705200000, 0x0000000705200000, 0x0000000705300000|  0%| F|  |TAMS 0x0000000705200000, 0x0000000705200000| Untracked 
|  67|0x0000000705300000, 0x0000000705300000, 0x0000000705400000|  0%| F|  |TAMS 0x0000000705300000, 0x0000000705300000| Untracked 
|  68|0x0000000705400000, 0x0000000705400000, 0x0000000705500000|  0%| F|  |TAMS 0x0000000705400000, 0x0000000705400000| Untracked 
|  69|0x0000000705500000, 0x0000000705500000, 0x0000000705600000|  0%| F|  |TAMS 0x0000000705500000, 0x0000000705500000| Untracked 
|  70|0x0000000705600000, 0x0000000705600000, 0x0000000705700000|  0%| F|  |TAMS 0x0000000705600000, 0x0000000705600000| Untracked 
|  71|0x0000000705700000, 0x0000000705700000, 0x0000000705800000|  0%| F|  |TAMS 0x0000000705700000, 0x0000000705700000| Untracked 
|  72|0x0000000705800000, 0x0000000705800000, 0x0000000705900000|  0%| F|  |TAMS 0x0000000705800000, 0x0000000705800000| Untracked 
|  73|0x0000000705900000, 0x0000000705900000, 0x0000000705a00000|  0%| F|  |TAMS 0x0000000705900000, 0x0000000705900000| Untracked 
|  74|0x0000000705a00000, 0x0000000705a00000, 0x0000000705b00000|  0%| F|  |TAMS 0x0000000705a00000, 0x0000000705a00000| Untracked 
|  75|0x0000000705b00000, 0x0000000705b00000, 0x0000000705c00000|  0%| F|  |TAMS 0x0000000705b00000, 0x0000000705b00000| Untracked 
|  76|0x0000000705c00000, 0x0000000705c00000, 0x0000000705d00000|  0%| F|  |TAMS 0x0000000705c00000, 0x0000000705c00000| Untracked 
|  77|0x0000000705d00000, 0x0000000705d00000, 0x0000000705e00000|  0%| F|  |TAMS 0x0000000705d00000, 0x0000000705d00000| Untracked 
|  78|0x0000000705e00000, 0x0000000705e00000, 0x0000000705f00000|  0%| F|  |TAMS 0x0000000705e00000, 0x0000000705e00000| Untracked 
|  79|0x0000000705f00000, 0x0000000705f00000, 0x0000000706000000|  0%| F|  |TAMS 0x0000000705f00000, 0x0000000705f00000| Untracked 
|  80|0x0000000706000000, 0x0000000706000000, 0x0000000706100000|  0%| F|  |TAMS 0x0000000706000000, 0x0000000706000000| Untracked 
|  81|0x0000000706100000, 0x0000000706100000, 0x0000000706200000|  0%| F|  |TAMS 0x0000000706100000, 0x0000000706100000| Untracked 
|  82|0x0000000706200000, 0x0000000706200000, 0x0000000706300000|  0%| F|  |TAMS 0x0000000706200000, 0x0000000706200000| Untracked 
|  83|0x0000000706300000, 0x0000000706400000, 0x0000000706400000|100%| S|CS|TAMS 0x0000000706300000, 0x0000000706300000| Complete 
|  84|0x0000000706400000, 0x0000000706500000, 0x0000000706500000|100%| S|CS|TAMS 0x0000000706400000, 0x0000000706400000| Complete 
|  85|0x0000000706500000, 0x0000000706600000, 0x0000000706600000|100%| S|CS|TAMS 0x0000000706500000, 0x0000000706500000| Complete 
|  86|0x0000000706600000, 0x0000000706700000, 0x0000000706700000|100%| S|CS|TAMS 0x0000000706600000, 0x0000000706600000| Complete 
|  87|0x0000000706700000, 0x0000000706700000, 0x0000000706800000|  0%| F|  |TAMS 0x0000000706700000, 0x0000000706700000| Untracked 
|  88|0x0000000706800000, 0x0000000706800000, 0x0000000706900000|  0%| F|  |TAMS 0x0000000706800000, 0x0000000706800000| Untracked 
|  89|0x0000000706900000, 0x0000000706900000, 0x0000000706a00000|  0%| F|  |TAMS 0x0000000706900000, 0x0000000706900000| Untracked 
|  90|0x0000000706a00000, 0x0000000706a00000, 0x0000000706b00000|  0%| F|  |TAMS 0x0000000706a00000, 0x0000000706a00000| Untracked 
|  91|0x0000000706b00000, 0x0000000706b00000, 0x0000000706c00000|  0%| F|  |TAMS 0x0000000706b00000, 0x0000000706b00000| Untracked 
|  92|0x0000000706c00000, 0x0000000706c00000, 0x0000000706d00000|  0%| F|  |TAMS 0x0000000706c00000, 0x0000000706c00000| Untracked 
|  93|0x0000000706d00000, 0x0000000706d00000, 0x0000000706e00000|  0%| F|  |TAMS 0x0000000706d00000, 0x0000000706d00000| Untracked 
|  94|0x0000000706e00000, 0x0000000706e00000, 0x0000000706f00000|  0%| F|  |TAMS 0x0000000706e00000, 0x0000000706e00000| Untracked 
|  95|0x0000000706f00000, 0x0000000706f00000, 0x0000000707000000|  0%| F|  |TAMS 0x0000000706f00000, 0x0000000706f00000| Untracked 
|  96|0x0000000707000000, 0x0000000707000000, 0x0000000707100000|  0%| F|  |TAMS 0x0000000707000000, 0x0000000707000000| Untracked 
|  97|0x0000000707100000, 0x0000000707100000, 0x0000000707200000|  0%| F|  |TAMS 0x0000000707100000, 0x0000000707100000| Untracked 
|  98|0x0000000707200000, 0x0000000707200000, 0x0000000707300000|  0%| F|  |TAMS 0x0000000707200000, 0x0000000707200000| Untracked 
|  99|0x0000000707300000, 0x0000000707300000, 0x0000000707400000|  0%| F|  |TAMS 0x0000000707300000, 0x0000000707300000| Untracked 
| 100|0x0000000707400000, 0x0000000707400000, 0x0000000707500000|  0%| F|  |TAMS 0x0000000707400000, 0x0000000707400000| Untracked 
| 101|0x0000000707500000, 0x0000000707500000, 0x0000000707600000|  0%| F|  |TAMS 0x0000000707500000, 0x0000000707500000| Untracked 
| 102|0x0000000707600000, 0x0000000707600000, 0x0000000707700000|  0%| F|  |TAMS 0x0000000707600000, 0x0000000707600000| Untracked 
| 103|0x0000000707700000, 0x0000000707800000, 0x0000000707800000|100%| S|CS|TAMS 0x0000000707700000, 0x0000000707700000| Complete 
| 104|0x0000000707800000, 0x0000000707900000, 0x0000000707900000|100%| S|CS|TAMS 0x0000000707800000, 0x0000000707800000| Complete 
| 105|0x0000000707900000, 0x0000000707a00000, 0x0000000707a00000|100%| S|CS|TAMS 0x0000000707900000, 0x0000000707900000| Complete 
| 106|0x0000000707a00000, 0x0000000707b00000, 0x0000000707b00000|100%| S|CS|TAMS 0x0000000707a00000, 0x0000000707a00000| Complete 
| 107|0x0000000707b00000, 0x0000000707c00000, 0x0000000707c00000|100%| S|CS|TAMS 0x0000000707b00000, 0x0000000707b00000| Complete 
| 108|0x0000000707c00000, 0x0000000707d00000, 0x0000000707d00000|100%| S|CS|TAMS 0x0000000707c00000, 0x0000000707c00000| Complete 
| 109|0x0000000707d00000, 0x0000000707e00000, 0x0000000707e00000|100%| S|CS|TAMS 0x0000000707d00000, 0x0000000707d00000| Complete 
| 110|0x0000000707e00000, 0x0000000707f00000, 0x0000000707f00000|100%| S|CS|TAMS 0x0000000707e00000, 0x0000000707e00000| Complete 
| 111|0x0000000707f00000, 0x0000000708000000, 0x0000000708000000|100%| S|CS|TAMS 0x0000000707f00000, 0x0000000707f00000| Complete 
| 112|0x0000000708000000, 0x0000000708100000, 0x0000000708100000|100%| S|CS|TAMS 0x0000000708000000, 0x0000000708000000| Complete 
| 113|0x0000000708100000, 0x0000000708200000, 0x0000000708200000|100%| S|CS|TAMS 0x0000000708100000, 0x0000000708100000| Complete 
| 114|0x0000000708200000, 0x0000000708300000, 0x0000000708300000|100%| S|CS|TAMS 0x0000000708200000, 0x0000000708200000| Complete 
| 115|0x0000000708300000, 0x0000000708400000, 0x0000000708400000|100%| S|CS|TAMS 0x0000000708300000, 0x0000000708300000| Complete 
| 116|0x0000000708400000, 0x0000000708500000, 0x0000000708500000|100%| S|CS|TAMS 0x0000000708400000, 0x0000000708400000| Complete 
| 117|0x0000000708500000, 0x0000000708600000, 0x0000000708600000|100%| S|CS|TAMS 0x0000000708500000, 0x0000000708500000| Complete 
| 118|0x0000000708600000, 0x0000000708700000, 0x0000000708700000|100%| S|CS|TAMS 0x0000000708600000, 0x0000000708600000| Complete 
| 119|0x0000000708700000, 0x0000000708700000, 0x0000000708800000|  0%| F|  |TAMS 0x0000000708700000, 0x0000000708700000| Untracked 
| 120|0x0000000708800000, 0x0000000708800000, 0x0000000708900000|  0%| F|  |TAMS 0x0000000708800000, 0x0000000708800000| Untracked 
| 121|0x0000000708900000, 0x0000000708900000, 0x0000000708a00000|  0%| F|  |TAMS 0x0000000708900000, 0x0000000708900000| Untracked 
| 122|0x0000000708a00000, 0x0000000708a00000, 0x0000000708b00000|  0%| F|  |TAMS 0x0000000708a00000, 0x0000000708a00000| Untracked 
| 123|0x0000000708b00000, 0x0000000708b00000, 0x0000000708c00000|  0%| F|  |TAMS 0x0000000708b00000, 0x0000000708b00000| Untracked 
| 124|0x0000000708c00000, 0x0000000708c00000, 0x0000000708d00000|  0%| F|  |TAMS 0x0000000708c00000, 0x0000000708c00000| Untracked 
| 125|0x0000000708d00000, 0x0000000708d00000, 0x0000000708e00000|  0%| F|  |TAMS 0x0000000708d00000, 0x0000000708d00000| Untracked 
| 126|0x0000000708e00000, 0x0000000708e00000, 0x0000000708f00000|  0%| F|  |TAMS 0x0000000708e00000, 0x0000000708e00000| Untracked 
| 127|0x0000000708f00000, 0x0000000708f00000, 0x0000000709000000|  0%| F|  |TAMS 0x0000000708f00000, 0x0000000708f00000| Untracked 
| 128|0x0000000709000000, 0x0000000709000000, 0x0000000709100000|  0%| F|  |TAMS 0x0000000709000000, 0x0000000709000000| Untracked 
| 129|0x0000000709100000, 0x0000000709100000, 0x0000000709200000|  0%| F|  |TAMS 0x0000000709100000, 0x0000000709100000| Untracked 
| 130|0x0000000709200000, 0x0000000709200000, 0x0000000709300000|  0%| F|  |TAMS 0x0000000709200000, 0x0000000709200000| Untracked 
| 131|0x0000000709300000, 0x0000000709300000, 0x0000000709400000|  0%| F|  |TAMS 0x0000000709300000, 0x0000000709300000| Untracked 
| 132|0x0000000709400000, 0x0000000709400000, 0x0000000709500000|  0%| F|  |TAMS 0x0000000709400000, 0x0000000709400000| Untracked 
| 133|0x0000000709500000, 0x0000000709500000, 0x0000000709600000|  0%| F|  |TAMS 0x0000000709500000, 0x0000000709500000| Untracked 
| 134|0x0000000709600000, 0x0000000709600000, 0x0000000709700000|  0%| F|  |TAMS 0x0000000709600000, 0x0000000709600000| Untracked 
| 135|0x0000000709700000, 0x0000000709700000, 0x0000000709800000|  0%| F|  |TAMS 0x0000000709700000, 0x0000000709700000| Untracked 
| 136|0x0000000709800000, 0x0000000709800000, 0x0000000709900000|  0%| F|  |TAMS 0x0000000709800000, 0x0000000709800000| Untracked 
| 137|0x0000000709900000, 0x0000000709900000, 0x0000000709a00000|  0%| F|  |TAMS 0x0000000709900000, 0x0000000709900000| Untracked 
| 138|0x0000000709a00000, 0x0000000709a00000, 0x0000000709b00000|  0%| F|  |TAMS 0x0000000709a00000, 0x0000000709a00000| Untracked 
| 139|0x0000000709b00000, 0x0000000709b00000, 0x0000000709c00000|  0%| F|  |TAMS 0x0000000709b00000, 0x0000000709b00000| Untracked 
| 140|0x0000000709c00000, 0x0000000709c00000, 0x0000000709d00000|  0%| F|  |TAMS 0x0000000709c00000, 0x0000000709c00000| Untracked 
| 141|0x0000000709d00000, 0x0000000709d00000, 0x0000000709e00000|  0%| F|  |TAMS 0x0000000709d00000, 0x0000000709d00000| Untracked 
| 142|0x0000000709e00000, 0x0000000709e00000, 0x0000000709f00000|  0%| F|  |TAMS 0x0000000709e00000, 0x0000000709e00000| Untracked 
| 143|0x0000000709f00000, 0x0000000709f00000, 0x000000070a000000|  0%| F|  |TAMS 0x0000000709f00000, 0x0000000709f00000| Untracked 
| 144|0x000000070a000000, 0x000000070a000000, 0x000000070a100000|  0%| F|  |TAMS 0x000000070a000000, 0x000000070a000000| Untracked 
| 145|0x000000070a100000, 0x000000070a100000, 0x000000070a200000|  0%| F|  |TAMS 0x000000070a100000, 0x000000070a100000| Untracked 
| 146|0x000000070a200000, 0x000000070a200000, 0x000000070a300000|  0%| F|  |TAMS 0x000000070a200000, 0x000000070a200000| Untracked 
| 147|0x000000070a300000, 0x000000070a300000, 0x000000070a400000|  0%| F|  |TAMS 0x000000070a300000, 0x000000070a300000| Untracked 
| 148|0x000000070a400000, 0x000000070a400000, 0x000000070a500000|  0%| F|  |TAMS 0x000000070a400000, 0x000000070a400000| Untracked 
| 149|0x000000070a500000, 0x000000070a500000, 0x000000070a600000|  0%| F|  |TAMS 0x000000070a500000, 0x000000070a500000| Untracked 
| 150|0x000000070a600000, 0x000000070a600000, 0x000000070a700000|  0%| F|  |TAMS 0x000000070a600000, 0x000000070a600000| Untracked 
| 151|0x000000070a700000, 0x000000070a700000, 0x000000070a800000|  0%| F|  |TAMS 0x000000070a700000, 0x000000070a700000| Untracked 
| 152|0x000000070a800000, 0x000000070a800000, 0x000000070a900000|  0%| F|  |TAMS 0x000000070a800000, 0x000000070a800000| Untracked 
| 153|0x000000070a900000, 0x000000070a900000, 0x000000070aa00000|  0%| F|  |TAMS 0x000000070a900000, 0x000000070a900000| Untracked 
| 154|0x000000070aa00000, 0x000000070aa00000, 0x000000070ab00000|  0%| F|  |TAMS 0x000000070aa00000, 0x000000070aa00000| Untracked 
| 155|0x000000070ab00000, 0x000000070ab00000, 0x000000070ac00000|  0%| F|  |TAMS 0x000000070ab00000, 0x000000070ab00000| Untracked 
| 156|0x000000070ac00000, 0x000000070ac00000, 0x000000070ad00000|  0%| F|  |TAMS 0x000000070ac00000, 0x000000070ac00000| Untracked 
| 157|0x000000070ad00000, 0x000000070ad00000, 0x000000070ae00000|  0%| F|  |TAMS 0x000000070ad00000, 0x000000070ad00000| Untracked 
| 158|0x000000070ae00000, 0x000000070ae00000, 0x000000070af00000|  0%| F|  |TAMS 0x000000070ae00000, 0x000000070ae00000| Untracked 
| 159|0x000000070af00000, 0x000000070af00000, 0x000000070b000000|  0%| F|  |TAMS 0x000000070af00000, 0x000000070af00000| Untracked 
| 160|0x000000070b000000, 0x000000070b000000, 0x000000070b100000|  0%| F|  |TAMS 0x000000070b000000, 0x000000070b000000| Untracked 
| 161|0x000000070b100000, 0x000000070b100000, 0x000000070b200000|  0%| F|  |TAMS 0x000000070b100000, 0x000000070b100000| Untracked 
| 162|0x000000070b200000, 0x000000070b200000, 0x000000070b300000|  0%| F|  |TAMS 0x000000070b200000, 0x000000070b200000| Untracked 
| 163|0x000000070b300000, 0x000000070b300000, 0x000000070b400000|  0%| F|  |TAMS 0x000000070b300000, 0x000000070b300000| Untracked 
| 164|0x000000070b400000, 0x000000070b400000, 0x000000070b500000|  0%| F|  |TAMS 0x000000070b400000, 0x000000070b400000| Untracked 
| 165|0x000000070b500000, 0x000000070b500000, 0x000000070b600000|  0%| F|  |TAMS 0x000000070b500000, 0x000000070b500000| Untracked 
| 166|0x000000070b600000, 0x000000070b600000, 0x000000070b700000|  0%| F|  |TAMS 0x000000070b600000, 0x000000070b600000| Untracked 
| 167|0x000000070b700000, 0x000000070b700000, 0x000000070b800000|  0%| F|  |TAMS 0x000000070b700000, 0x000000070b700000| Untracked 
| 168|0x000000070b800000, 0x000000070b800000, 0x000000070b900000|  0%| F|  |TAMS 0x000000070b800000, 0x000000070b800000| Untracked 
| 169|0x000000070b900000, 0x000000070b900000, 0x000000070ba00000|  0%| F|  |TAMS 0x000000070b900000, 0x000000070b900000| Untracked 
| 170|0x000000070ba00000, 0x000000070ba00000, 0x000000070bb00000|  0%| F|  |TAMS 0x000000070ba00000, 0x000000070ba00000| Untracked 
| 171|0x000000070bb00000, 0x000000070bb00000, 0x000000070bc00000|  0%| F|  |TAMS 0x000000070bb00000, 0x000000070bb00000| Untracked 
| 172|0x000000070bc00000, 0x000000070bc00000, 0x000000070bd00000|  0%| F|  |TAMS 0x000000070bc00000, 0x000000070bc00000| Untracked 
| 173|0x000000070bd00000, 0x000000070bd00000, 0x000000070be00000|  0%| F|  |TAMS 0x000000070bd00000, 0x000000070bd00000| Untracked 
| 174|0x000000070be00000, 0x000000070be00000, 0x000000070bf00000|  0%| F|  |TAMS 0x000000070be00000, 0x000000070be00000| Untracked 
| 175|0x000000070bf00000, 0x000000070bf00000, 0x000000070c000000|  0%| F|  |TAMS 0x000000070bf00000, 0x000000070bf00000| Untracked 
| 176|0x000000070c000000, 0x000000070c000000, 0x000000070c100000|  0%| F|  |TAMS 0x000000070c000000, 0x000000070c000000| Untracked 
| 177|0x000000070c100000, 0x000000070c100000, 0x000000070c200000|  0%| F|  |TAMS 0x000000070c100000, 0x000000070c100000| Untracked 
| 178|0x000000070c200000, 0x000000070c200000, 0x000000070c300000|  0%| F|  |TAMS 0x000000070c200000, 0x000000070c200000| Untracked 
| 179|0x000000070c300000, 0x000000070c300000, 0x000000070c400000|  0%| F|  |TAMS 0x000000070c300000, 0x000000070c300000| Untracked 
| 180|0x000000070c400000, 0x000000070c400000, 0x000000070c500000|  0%| F|  |TAMS 0x000000070c400000, 0x000000070c400000| Untracked 
| 181|0x000000070c500000, 0x000000070c500000, 0x000000070c600000|  0%| F|  |TAMS 0x000000070c500000, 0x000000070c500000| Untracked 
| 182|0x000000070c600000, 0x000000070c600000, 0x000000070c700000|  0%| F|  |TAMS 0x000000070c600000, 0x000000070c600000| Untracked 
| 183|0x000000070c700000, 0x000000070c700000, 0x000000070c800000|  0%| F|  |TAMS 0x000000070c700000, 0x000000070c700000| Untracked 
| 184|0x000000070c800000, 0x000000070c800000, 0x000000070c900000|  0%| F|  |TAMS 0x000000070c800000, 0x000000070c800000| Untracked 
| 185|0x000000070c900000, 0x000000070c900000, 0x000000070ca00000|  0%| F|  |TAMS 0x000000070c900000, 0x000000070c900000| Untracked 
| 186|0x000000070ca00000, 0x000000070ca00000, 0x000000070cb00000|  0%| F|  |TAMS 0x000000070ca00000, 0x000000070ca00000| Untracked 
| 187|0x000000070cb00000, 0x000000070cb00000, 0x000000070cc00000|  0%| F|  |TAMS 0x000000070cb00000, 0x000000070cb00000| Untracked 
| 188|0x000000070cc00000, 0x000000070cc00000, 0x000000070cd00000|  0%| F|  |TAMS 0x000000070cc00000, 0x000000070cc00000| Untracked 
| 189|0x000000070cd00000, 0x000000070cd00000, 0x000000070ce00000|  0%| F|  |TAMS 0x000000070cd00000, 0x000000070cd00000| Untracked 
| 190|0x000000070ce00000, 0x000000070ce00000, 0x000000070cf00000|  0%| F|  |TAMS 0x000000070ce00000, 0x000000070ce00000| Untracked 
| 191|0x000000070cf00000, 0x000000070cf00000, 0x000000070d000000|  0%| F|  |TAMS 0x000000070cf00000, 0x000000070cf00000| Untracked 
| 192|0x000000070d000000, 0x000000070d000000, 0x000000070d100000|  0%| F|  |TAMS 0x000000070d000000, 0x000000070d000000| Untracked 
| 193|0x000000070d100000, 0x000000070d100000, 0x000000070d200000|  0%| F|  |TAMS 0x000000070d100000, 0x000000070d100000| Untracked 
| 194|0x000000070d200000, 0x000000070d200000, 0x000000070d300000|  0%| F|  |TAMS 0x000000070d200000, 0x000000070d200000| Untracked 
| 195|0x000000070d300000, 0x000000070d300000, 0x000000070d400000|  0%| F|  |TAMS 0x000000070d300000, 0x000000070d300000| Untracked 
| 196|0x000000070d400000, 0x000000070d400000, 0x000000070d500000|  0%| F|  |TAMS 0x000000070d400000, 0x000000070d400000| Untracked 
| 197|0x000000070d500000, 0x000000070d500000, 0x000000070d600000|  0%| F|  |TAMS 0x000000070d500000, 0x000000070d500000| Untracked 
| 198|0x000000070d600000, 0x000000070d600000, 0x000000070d700000|  0%| F|  |TAMS 0x000000070d600000, 0x000000070d600000| Untracked 
| 199|0x000000070d700000, 0x000000070d700000, 0x000000070d800000|  0%| F|  |TAMS 0x000000070d700000, 0x000000070d700000| Untracked 
| 200|0x000000070d800000, 0x000000070d800000, 0x000000070d900000|  0%| F|  |TAMS 0x000000070d800000, 0x000000070d800000| Untracked 
| 201|0x000000070d900000, 0x000000070d900000, 0x000000070da00000|  0%| F|  |TAMS 0x000000070d900000, 0x000000070d900000| Untracked 
| 202|0x000000070da00000, 0x000000070da00000, 0x000000070db00000|  0%| F|  |TAMS 0x000000070da00000, 0x000000070da00000| Untracked 
| 203|0x000000070db00000, 0x000000070db00000, 0x000000070dc00000|  0%| F|  |TAMS 0x000000070db00000, 0x000000070db00000| Untracked 
| 204|0x000000070dc00000, 0x000000070dc00000, 0x000000070dd00000|  0%| F|  |TAMS 0x000000070dc00000, 0x000000070dc00000| Untracked 
| 205|0x000000070dd00000, 0x000000070dd00000, 0x000000070de00000|  0%| F|  |TAMS 0x000000070dd00000, 0x000000070dd00000| Untracked 
| 206|0x000000070de00000, 0x000000070de00000, 0x000000070df00000|  0%| F|  |TAMS 0x000000070de00000, 0x000000070de00000| Untracked 
| 207|0x000000070df00000, 0x000000070df00000, 0x000000070e000000|  0%| F|  |TAMS 0x000000070df00000, 0x000000070df00000| Untracked 
| 208|0x000000070e000000, 0x000000070e000000, 0x000000070e100000|  0%| F|  |TAMS 0x000000070e000000, 0x000000070e000000| Untracked 
| 209|0x000000070e100000, 0x000000070e100000, 0x000000070e200000|  0%| F|  |TAMS 0x000000070e100000, 0x000000070e100000| Untracked 
| 210|0x000000070e200000, 0x000000070e200000, 0x000000070e300000|  0%| F|  |TAMS 0x000000070e200000, 0x000000070e200000| Untracked 
| 211|0x000000070e300000, 0x000000070e300000, 0x000000070e400000|  0%| F|  |TAMS 0x000000070e300000, 0x000000070e300000| Untracked 
| 212|0x000000070e400000, 0x000000070e400000, 0x000000070e500000|  0%| F|  |TAMS 0x000000070e400000, 0x000000070e400000| Untracked 
| 213|0x000000070e500000, 0x000000070e500000, 0x000000070e600000|  0%| F|  |TAMS 0x000000070e500000, 0x000000070e500000| Untracked 
| 214|0x000000070e600000, 0x000000070e600000, 0x000000070e700000|  0%| F|  |TAMS 0x000000070e600000, 0x000000070e600000| Untracked 
| 215|0x000000070e700000, 0x000000070e700000, 0x000000070e800000|  0%| F|  |TAMS 0x000000070e700000, 0x000000070e700000| Untracked 
| 216|0x000000070e800000, 0x000000070e800000, 0x000000070e900000|  0%| F|  |TAMS 0x000000070e800000, 0x000000070e800000| Untracked 
| 217|0x000000070e900000, 0x000000070e900000, 0x000000070ea00000|  0%| F|  |TAMS 0x000000070e900000, 0x000000070e900000| Untracked 
| 218|0x000000070ea00000, 0x000000070ea00000, 0x000000070eb00000|  0%| F|  |TAMS 0x000000070ea00000, 0x000000070ea00000| Untracked 
| 219|0x000000070eb00000, 0x000000070eb00000, 0x000000070ec00000|  0%| F|  |TAMS 0x000000070eb00000, 0x000000070eb00000| Untracked 
| 220|0x000000070ec00000, 0x000000070ec00000, 0x000000070ed00000|  0%| F|  |TAMS 0x000000070ec00000, 0x000000070ec00000| Untracked 
| 221|0x000000070ed00000, 0x000000070ed00000, 0x000000070ee00000|  0%| F|  |TAMS 0x000000070ed00000, 0x000000070ed00000| Untracked 
| 222|0x000000070ee00000, 0x000000070ee00000, 0x000000070ef00000|  0%| F|  |TAMS 0x000000070ee00000, 0x000000070ee00000| Untracked 
| 223|0x000000070ef00000, 0x000000070ef00000, 0x000000070f000000|  0%| F|  |TAMS 0x000000070ef00000, 0x000000070ef00000| Untracked 
| 224|0x000000070f000000, 0x000000070f000000, 0x000000070f100000|  0%| F|  |TAMS 0x000000070f000000, 0x000000070f000000| Untracked 
| 225|0x000000070f100000, 0x000000070f100000, 0x000000070f200000|  0%| F|  |TAMS 0x000000070f100000, 0x000000070f100000| Untracked 
| 226|0x000000070f200000, 0x000000070f200000, 0x000000070f300000|  0%| F|  |TAMS 0x000000070f200000, 0x000000070f200000| Untracked 
| 227|0x000000070f300000, 0x000000070f300000, 0x000000070f400000|  0%| F|  |TAMS 0x000000070f300000, 0x000000070f300000| Untracked 
| 228|0x000000070f400000, 0x000000070f400000, 0x000000070f500000|  0%| F|  |TAMS 0x000000070f400000, 0x000000070f400000| Untracked 
| 229|0x000000070f500000, 0x000000070f500000, 0x000000070f600000|  0%| F|  |TAMS 0x000000070f500000, 0x000000070f500000| Untracked 
| 230|0x000000070f600000, 0x000000070f600000, 0x000000070f700000|  0%| F|  |TAMS 0x000000070f600000, 0x000000070f600000| Untracked 
| 231|0x000000070f700000, 0x000000070f700000, 0x000000070f800000|  0%| F|  |TAMS 0x000000070f700000, 0x000000070f700000| Untracked 
| 232|0x000000070f800000, 0x000000070f800000, 0x000000070f900000|  0%| F|  |TAMS 0x000000070f800000, 0x000000070f800000| Untracked 
| 233|0x000000070f900000, 0x000000070f900000, 0x000000070fa00000|  0%| F|  |TAMS 0x000000070f900000, 0x000000070f900000| Untracked 
| 234|0x000000070fa00000, 0x000000070fa00000, 0x000000070fb00000|  0%| F|  |TAMS 0x000000070fa00000, 0x000000070fa00000| Untracked 
| 235|0x000000070fb00000, 0x000000070fb00000, 0x000000070fc00000|  0%| F|  |TAMS 0x000000070fb00000, 0x000000070fb00000| Untracked 
| 236|0x000000070fc00000, 0x000000070fc00000, 0x000000070fd00000|  0%| F|  |TAMS 0x000000070fc00000, 0x000000070fc00000| Untracked 
| 237|0x000000070fd00000, 0x000000070fd00000, 0x000000070fe00000|  0%| F|  |TAMS 0x000000070fd00000, 0x000000070fd00000| Untracked 
| 238|0x000000070fe00000, 0x000000070fe00000, 0x000000070ff00000|  0%| F|  |TAMS 0x000000070fe00000, 0x000000070fe00000| Untracked 
| 239|0x000000070ff00000, 0x000000070ff00000, 0x0000000710000000|  0%| F|  |TAMS 0x000000070ff00000, 0x000000070ff00000| Untracked 
| 240|0x0000000710000000, 0x0000000710000000, 0x0000000710100000|  0%| F|  |TAMS 0x0000000710000000, 0x0000000710000000| Untracked 
| 241|0x0000000710100000, 0x0000000710100000, 0x0000000710200000|  0%| F|  |TAMS 0x0000000710100000, 0x0000000710100000| Untracked 
| 242|0x0000000710200000, 0x0000000710200000, 0x0000000710300000|  0%| F|  |TAMS 0x0000000710200000, 0x0000000710200000| Untracked 
| 243|0x0000000710300000, 0x0000000710300000, 0x0000000710400000|  0%| F|  |TAMS 0x0000000710300000, 0x0000000710300000| Untracked 
| 244|0x0000000710400000, 0x0000000710400000, 0x0000000710500000|  0%| F|  |TAMS 0x0000000710400000, 0x0000000710400000| Untracked 
| 245|0x0000000710500000, 0x0000000710500000, 0x0000000710600000|  0%| F|  |TAMS 0x0000000710500000, 0x0000000710500000| Untracked 
| 246|0x0000000710600000, 0x0000000710600000, 0x0000000710700000|  0%| F|  |TAMS 0x0000000710600000, 0x0000000710600000| Untracked 
| 247|0x0000000710700000, 0x0000000710700000, 0x0000000710800000|  0%| F|  |TAMS 0x0000000710700000, 0x0000000710700000| Untracked 
| 248|0x0000000710800000, 0x0000000710800000, 0x0000000710900000|  0%| F|  |TAMS 0x0000000710800000, 0x0000000710800000| Untracked 
| 249|0x0000000710900000, 0x0000000710900000, 0x0000000710a00000|  0%| F|  |TAMS 0x0000000710900000, 0x0000000710900000| Untracked 
| 250|0x0000000710a00000, 0x0000000710a00000, 0x0000000710b00000|  0%| F|  |TAMS 0x0000000710a00000, 0x0000000710a00000| Untracked 
| 251|0x0000000710b00000, 0x0000000710b00000, 0x0000000710c00000|  0%| F|  |TAMS 0x0000000710b00000, 0x0000000710b00000| Untracked 
| 252|0x0000000710c00000, 0x0000000710c00000, 0x0000000710d00000|  0%| F|  |TAMS 0x0000000710c00000, 0x0000000710c00000| Untracked 
| 253|0x0000000710d00000, 0x0000000710d00000, 0x0000000710e00000|  0%| F|  |TAMS 0x0000000710d00000, 0x0000000710d00000| Untracked 
| 254|0x0000000710e00000, 0x0000000710e00000, 0x0000000710f00000|  0%| F|  |TAMS 0x0000000710e00000, 0x0000000710e00000| Untracked 
| 255|0x0000000710f00000, 0x0000000710f00000, 0x0000000711000000|  0%| F|  |TAMS 0x0000000710f00000, 0x0000000710f00000| Untracked 

Card table byte_map: [0x00000260cb560000,0x00000260cbd60000] _byte_map_base: 0x00000260c7d58000

Marking Bits (Prev, Next): (CMBitMap*) 0x00000260b3259ba0, (CMBitMap*) 0x00000260b3259b68
 Prev Bits: [0x00000260d0520000, 0x00000260d44e0000)
 Next Bits: [0x00000260cc560000, 0x00000260d0520000)

Polling page: 0x00000260b1040000

Metaspace:

Usage:
  Non-class:     66.59 MB capacity,    65.32 MB ( 98%) used,     1.02 MB (  2%) free+waste,   256.94 KB ( <1%) overhead. 
      Class:     10.52 MB capacity,     9.74 MB ( 93%) used,   681.72 KB (  6%) free+waste,   123.63 KB (  1%) overhead. 
       Both:     77.11 MB capacity,    75.05 MB ( 97%) used,     1.68 MB (  2%) free+waste,   380.56 KB ( <1%) overhead. 

Virtual space:
  Non-class space:       70.00 MB reserved,      66.67 MB ( 95%) committed 
      Class space:        1.00 GB reserved,      10.63 MB (  1%) committed 
             Both:        1.07 GB reserved,      77.30 MB (  7%) committed 

Chunk freelists:
   Non-Class:  2.88 KB
       Class:  1.13 KB
        Both:  4.00 KB

CodeHeap 'non-profiled nmethods': size=233856Kb used=12986Kb max_used=12986Kb free=220869Kb
 bounds [0x00000260bc080000, 0x00000260bcd30000, 0x00000260ca4e0000]
CodeHeap 'non-nmethods': size=11904Kb used=3549Kb max_used=3549Kb free=8354Kb
 bounds [0x00000260bb4e0000, 0x00000260bb8c0000, 0x00000260bc080000]
 total_blobs=7984 nmethods=7279 adapters=609
 compilation: enabled
              stopped_count=0, restarted_count=0
 full_count=0

Compilation events (10 events):
Event: 10.924 Thread 0x00000260d80e5000 nmethod 7272 0x00000260bcd2d290 code [0x00000260bcd2d460, 0x00000260bcd2d6e0]
Event: 10.924 Thread 0x00000260d9ffd000 7276       1       java.util.concurrent.ThreadPoolExecutor::workerCountOf (5 bytes)
Event: 10.924 Thread 0x00000260d9ffd000 nmethod 7276 0x00000260bcd2db90 code [0x00000260bcd2dd40, 0x00000260bcd2de38]
Event: 10.924 Thread 0x00000260d80e0000 nmethod 7275 0x00000260bcd2d810 code [0x00000260bcd2d9c0, 0x00000260bcd2daf8]
Event: 10.927 Thread 0x00000260d7f8a000 7277       1       java.lang.Thread::getThreadGroup (5 bytes)
Event: 10.928 Thread 0x00000260d7f8a000 nmethod 7277 0x00000260bcd2de90 code [0x00000260bcd2e040, 0x00000260bcd2e158]
Event: 10.928 Thread 0x00000260da006800 7278       1       java.util.concurrent.ConcurrentLinkedQueue$Node::<init> (5 bytes)
Event: 10.928 Thread 0x00000260da006800 nmethod 7278 0x00000260bcd2e210 code [0x00000260bcd2e3c0, 0x00000260bcd2e4d8]
Event: 10.929 Thread 0x00000260d80e5000 7279       1       java.util.concurrent.ConcurrentLinkedQueue::<init> (21 bytes)
Event: 10.929 Thread 0x00000260d80e5000 nmethod 7279 0x00000260bcd2e590 code [0x00000260bcd2e740, 0x00000260bcd2e978]

GC Heap History (10 events):
Event: 2.316 GC heap after
{Heap after GC invocations=5 (full 0):
 garbage-first heap   total 262144K, used 14924K [0x0000000701000000, 0x0000000800000000)
  region size 1024K, 6 young (6144K), 6 survivors (6144K)
 Metaspace       used 30739K, capacity 31546K, committed 31664K, reserved 1077248K
  class space    used 3667K, capacity 4002K, committed 4096K, reserved 1048576K
}
Event: 2.567 GC heap before
{Heap before GC invocations=5 (full 0):
 garbage-first heap   total 262144K, used 67148K [0x0000000701000000, 0x0000000800000000)
  region size 1024K, 58 young (59392K), 6 survivors (6144K)
 Metaspace       used 34934K, capacity 35807K, committed 35920K, reserved 1081344K
  class space    used 4255K, capacity 4593K, committed 4608K, reserved 1048576K
}
Event: 2.572 GC heap after
{Heap after GC invocations=6 (full 0):
 garbage-first heap   total 262144K, used 16359K [0x0000000701000000, 0x0000000800000000)
  region size 1024K, 8 young (8192K), 8 survivors (8192K)
 Metaspace       used 34934K, capacity 35807K, committed 35920K, reserved 1081344K
  class space    used 4255K, capacity 4593K, committed 4608K, reserved 1048576K
}
Event: 4.592 GC heap before
{Heap before GC invocations=7 (full 0):
 garbage-first heap   total 262144K, used 160743K [0x0000000701000000, 0x0000000800000000)
  region size 1024K, 150 young (153600K), 8 survivors (8192K)
 Metaspace       used 45866K, capacity 47204K, committed 47280K, reserved 1089536K
  class space    used 5794K, capacity 6345K, committed 6400K, reserved 1048576K
}
Event: 4.600 GC heap after
{Heap after GC invocations=8 (full 0):
 garbage-first heap   total 262144K, used 21130K [0x0000000701000000, 0x0000000800000000)
  region size 1024K, 12 young (12288K), 12 survivors (12288K)
 Metaspace       used 45866K, capacity 47204K, committed 47280K, reserved 1089536K
  class space    used 5794K, capacity 6345K, committed 6400K, reserved 1048576K
}
Event: 5.473 GC heap before
{Heap before GC invocations=8 (full 0):
 garbage-first heap   total 262144K, used 138890K [0x0000000701000000, 0x0000000800000000)
  region size 1024K, 129 young (132096K), 12 survivors (12288K)
 Metaspace       used 58719K, capacity 60223K, committed 60336K, reserved 1101824K
  class space    used 7527K, capacity 8140K, committed 8192K, reserved 1048576K
}
Event: 5.486 GC heap after
{Heap after GC invocations=9 (full 0):
 garbage-first heap   total 262144K, used 25730K [0x0000000701000000, 0x0000000800000000)
  region size 1024K, 15 young (15360K), 15 survivors (15360K)
 Metaspace       used 58719K, capacity 60223K, committed 60336K, reserved 1101824K
  class space    used 7527K, capacity 8140K, committed 8192K, reserved 1048576K
}
Event: 10.112 GC heap before
{Heap before GC invocations=10 (full 0):
 garbage-first heap   total 262144K, used 167042K [0x0000000701000000, 0x0000000800000000)
  region size 1024K, 153 young (156672K), 15 survivors (15360K)
 Metaspace       used 70981K, capacity 72815K, committed 73136K, reserved 1112064K
  class space    used 9134K, capacity 9868K, committed 9984K, reserved 1048576K
}
Event: 10.124 GC heap after
{Heap after GC invocations=11 (full 0):
 garbage-first heap   total 262144K, used 31663K [0x0000000701000000, 0x0000000800000000)
  region size 1024K, 16 young (16384K), 16 survivors (16384K)
 Metaspace       used 70981K, capacity 72815K, committed 73136K, reserved 1112064K
  class space    used 9134K, capacity 9868K, committed 9984K, reserved 1048576K
}
Event: 10.929 GC heap before
{Heap before GC invocations=11 (full 0):
 garbage-first heap   total 262144K, used 171951K [0x0000000701000000, 0x0000000800000000)
  region size 1024K, 153 young (156672K), 16 survivors (16384K)
 Metaspace       used 76854K, capacity 78960K, committed 79152K, reserved 1120256K
  class space    used 9969K, capacity 10775K, committed 10880K, reserved 1048576K
}

Deoptimization events (0 events):
No events

Classes redefined (0 events):
No events

Internal exceptions (10 events):
Event: 10.398 Thread 0x00000260b31f0000 Exception <a 'java/lang/ClassNotFoundException'{0x000000070e910a08}: org/springframework/beans/factory/AwareCustomizer> (0x000000070e910a08) thrown at [t:/workspace/open/src/hotspot/share/classfile/systemDictionary.cpp, line 231]
Event: 10.399 Thread 0x00000260b31f0000 Exception <a 'java/lang/ClassNotFoundException'{0x000000070e92f970}: org/springframework/beans/factory/BeanClassLoaderAwareCustomizer> (0x000000070e92f970) thrown at [t:/workspace/open/src/hotspot/share/classfile/systemDictionary.cpp, line 231]
Event: 10.399 Thread 0x00000260b31f0000 Exception <a 'java/lang/ClassNotFoundException'{0x000000070e94bc28}: org/springframework/beans/factory/AwareCustomizer> (0x000000070e94bc28) thrown at [t:/workspace/open/src/hotspot/share/classfile/systemDictionary.cpp, line 231]
Event: 10.429 Thread 0x00000260dc43b000 Exception <a 'java/lang/reflect/InvocationTargetException'{0x000000070e609a00}> (0x000000070e609a00) thrown at [t:/workspace/open/src/hotspot/share/runtime/reflection.cpp, line 1242]
Event: 10.555 Thread 0x00000260b31f0000 Exception <a 'java/lang/ClassNotFoundException'{0x000000070d890f18}: java/lang/ObjectCustomizer> (0x000000070d890f18) thrown at [t:/workspace/open/src/hotspot/share/classfile/systemDictionary.cpp, line 231]
Event: 10.556 Thread 0x00000260b31f0000 Exception <a 'java/lang/ClassNotFoundException'{0x000000070d8bb7c0}: org/springframework/security/config/annotation/web/configuration/HttpSecurityConfigurationCustomizer> (0x000000070d8bb7c0) thrown at [t:/workspace/open/src/hotspot/share/classfile/system
Event: 10.574 Thread 0x00000260b31f0000 Exception <a 'java/lang/NoSuchMethodError'{0x000000070d6760d8}: java.lang.invoke.DirectMethodHandle$Holder.invokeInterface(Ljava/lang/Object;Ljava/lang/Object;Ljava/lang/Object;Ljava/lang/Object;)Ljava/lang/Object;> (0x000000070d6760d8) thrown at [t:/work
Event: 10.643 Thread 0x00000260b31f0000 Exception <a 'java/lang/NoSuchMethodError'{0x000000070ce28938}: java.lang.invoke.DirectMethodHandle$Holder.invokeVirtual(Ljava/lang/Object;Ljava/lang/Object;I)V> (0x000000070ce28938) thrown at [t:/workspace/open/src/hotspot/share/interpreter/linkResolver.
Event: 10.644 Thread 0x00000260b31f0000 Exception <a 'java/lang/NoSuchMethodError'{0x000000070ce42728}: java.lang.invoke.DirectMethodHandle$Holder.invokeVirtual(Ljava/lang/Object;Ljava/lang/Object;J)V> (0x000000070ce42728) thrown at [t:/workspace/open/src/hotspot/share/interpreter/linkResolver.
Event: 10.774 Thread 0x00000260b31f0000 Exception <a 'java/lang/IncompatibleClassChangeError'{0x000000070c3b1aa0}: Found class java.lang.Object, but interface was expected> (0x000000070c3b1aa0) thrown at [t:/workspace/open/src/hotspot/share/interpreter/linkResolver.cpp, line 856]

Events (10 events):
Event: 10.929 Thread 0x00000260dc769000 Thread added: 0x00000260dc769000
Event: 10.929 Thread 0x00000260dc771000 Thread added: 0x00000260dc771000
Event: 10.929 Thread 0x00000260dc76c000 Thread added: 0x00000260dc76c000
Event: 10.929 Thread 0x00000260dc76e800 Thread added: 0x00000260dc76e800
Event: 10.929 Thread 0x00000260dc76b000 Thread added: 0x00000260dc76b000
Event: 10.929 Thread 0x00000260dc775000 Thread added: 0x00000260dc775000
Event: 10.929 Thread 0x00000260dc76f800 Thread added: 0x00000260dc76f800
Event: 10.929 Thread 0x00000260dc771800 Thread added: 0x00000260dc771800
Event: 10.929 Executing VM operation: G1CollectForAllocation
Event: 10.929 Thread 0x00000260dc773800 Thread added: 0x00000260dc773800


Dynamic libraries:
0x00007ff6102c0000 - 0x00007ff610305000 	C:\Program Files\OpenJDK\jdk-11\bin\java.exe
0x00007ffc5d150000 - 0x00007ffc5d345000 	C:\WINDOWS\SYSTEM32\ntdll.dll
0x00007ffc37010000 - 0x00007ffc37026000 	C:\Program Files\Avast Software\Avast\aswhook.dll
0x00007ffc5c990000 - 0x00007ffc5ca4e000 	C:\WINDOWS\System32\KERNEL32.DLL
0x00007ffc5a970000 - 0x00007ffc5ac38000 	C:\WINDOWS\System32\KERNELBASE.dll
0x00007ffc5cd20000 - 0x00007ffc5cec1000 	C:\WINDOWS\System32\USER32.dll
0x00007ffc5ac70000 - 0x00007ffc5ac92000 	C:\WINDOWS\System32\win32u.dll
0x00007ffc5c120000 - 0x00007ffc5c14b000 	C:\WINDOWS\System32\GDI32.dll
0x00007ffc5a860000 - 0x00007ffc5a96d000 	C:\WINDOWS\System32\gdi32full.dll
0x00007ffc5aef0000 - 0x00007ffc5af8d000 	C:\WINDOWS\System32\msvcp_win.dll
0x00007ffc5af90000 - 0x00007ffc5b090000 	C:\WINDOWS\System32\ucrtbase.dll
0x00007ffc485e0000 - 0x00007ffc4887a000 	C:\WINDOWS\WinSxS\amd64_microsoft.windows.common-controls_6595b64144ccf1df_6.0.19041.1110_none_60b5254171f9507e\COMCTL32.dll
0x00007ffc5cc80000 - 0x00007ffc5cd1e000 	C:\WINDOWS\System32\msvcrt.dll
0x00007ffc5b2d0000 - 0x00007ffc5b300000 	C:\WINDOWS\System32\IMM32.DLL
0x00007ffc50780000 - 0x00007ffc50796000 	C:\Program Files\OpenJDK\jdk-11\bin\vcruntime140.dll
0x00007ffc4fc10000 - 0x00007ffc4fcba000 	C:\Program Files\OpenJDK\jdk-11\bin\msvcp140.dll
0x00007ffbff5d0000 - 0x00007ffc00111000 	C:\Program Files\OpenJDK\jdk-11\bin\server\jvm.dll
0x00007ffc5ca50000 - 0x00007ffc5cafc000 	C:\WINDOWS\System32\ADVAPI32.dll
0x00007ffc5d000000 - 0x00007ffc5d09b000 	C:\WINDOWS\System32\sechost.dll
0x00007ffc5ced0000 - 0x00007ffc5cffa000 	C:\WINDOWS\System32\RPCRT4.dll
0x00007ffc5c150000 - 0x00007ffc5c158000 	C:\WINDOWS\System32\PSAPI.DLL
0x00007ffc4dec0000 - 0x00007ffc4dec9000 	C:\WINDOWS\SYSTEM32\WSOCK32.dll
0x00007ffc5d0a0000 - 0x00007ffc5d10b000 	C:\WINDOWS\System32\WS2_32.dll
0x00007ffc53900000 - 0x00007ffc5390a000 	C:\WINDOWS\SYSTEM32\VERSION.dll
0x00007ffc500b0000 - 0x00007ffc500d7000 	C:\WINDOWS\SYSTEM32\WINMM.dll
0x00007ffc58730000 - 0x00007ffc58742000 	C:\WINDOWS\SYSTEM32\kernel.appcore.dll
0x00007ffc50720000 - 0x00007ffc50731000 	C:\Program Files\OpenJDK\jdk-11\bin\verify.dll
0x00007ffc51890000 - 0x00007ffc51a74000 	C:\WINDOWS\SYSTEM32\DBGHELP.DLL
0x00007ffc51850000 - 0x00007ffc5187c000 	C:\WINDOWS\SYSTEM32\dbgcore.DLL
0x00007ffc5ad00000 - 0x00007ffc5ad82000 	C:\WINDOWS\System32\bcryptPrimitives.dll
0x00007ffc503e0000 - 0x00007ffc50408000 	C:\Program Files\OpenJDK\jdk-11\bin\java.dll
0x00007ffc4fd20000 - 0x00007ffc4fd4f000 	C:\Program Files\OpenJDK\jdk-11\bin\instrument.dll
0x00007ffc506a0000 - 0x00007ffc506b6000 	C:\Program Files\OpenJDK\jdk-11\bin\zip.dll
0x00007ffc55f40000 - 0x00007ffc55f4a000 	C:\Program Files\OpenJDK\jdk-11\bin\jimage.dll
0x00007ffc5c240000 - 0x00007ffc5c984000 	C:\WINDOWS\System32\SHELL32.dll
0x00007ffc58930000 - 0x00007ffc590c4000 	C:\WINDOWS\SYSTEM32\windows.storage.dll
0x00007ffc5bb70000 - 0x00007ffc5bec5000 	C:\WINDOWS\System32\combase.dll
0x00007ffc5a1d0000 - 0x00007ffc5a1fe000 	C:\WINDOWS\SYSTEM32\Wldp.dll
0x00007ffc5cbd0000 - 0x00007ffc5cc7d000 	C:\WINDOWS\System32\SHCORE.dll
0x00007ffc5b190000 - 0x00007ffc5b1e5000 	C:\WINDOWS\System32\shlwapi.dll
0x00007ffc5a7a0000 - 0x00007ffc5a7bf000 	C:\WINDOWS\SYSTEM32\profapi.dll
0x00007ffc4ff50000 - 0x00007ffc4ff69000 	C:\Program Files\OpenJDK\jdk-11\bin\net.dll
0x00007ffc54330000 - 0x00007ffc5443c000 	C:\WINDOWS\SYSTEM32\WINHTTP.dll
0x00007ffc59fb0000 - 0x00007ffc5a01a000 	C:\WINDOWS\system32\mswsock.dll
0x00007ffc4ff30000 - 0x00007ffc4ff43000 	C:\Program Files\OpenJDK\jdk-11\bin\nio.dll
0x00007ffc504c0000 - 0x00007ffc504da000 	C:\Users\kdh03\AppData\Local\JetBrains\IntelliJ IDEA 2020.3.1\bin\breakgen64.dll
0x00007ffc59cb0000 - 0x00007ffc59d7b000 	C:\WINDOWS\SYSTEM32\DNSAPI.dll
0x00007ffc59c70000 - 0x00007ffc59cab000 	C:\WINDOWS\SYSTEM32\IPHLPAPI.DLL
0x00007ffc5bb60000 - 0x00007ffc5bb68000 	C:\WINDOWS\System32\NSI.dll
0x00007ffc52040000 - 0x00007ffc5204a000 	C:\Windows\System32\rasadhlp.dll
0x00007ffc53e30000 - 0x00007ffc53eaf000 	C:\WINDOWS\System32\fwpuclnt.dll
0x00007ffc5ac40000 - 0x00007ffc5ac67000 	C:\WINDOWS\System32\bcrypt.dll
0x00007ffc503d0000 - 0x00007ffc503d9000 	C:\Program Files\OpenJDK\jdk-11\bin\management.dll
0x00007ffc50100000 - 0x00007ffc5010c000 	C:\Program Files\OpenJDK\jdk-11\bin\management_ext.dll
0x00007ffc5a210000 - 0x00007ffc5a228000 	C:\WINDOWS\SYSTEM32\CRYPTSP.dll
0x00007ffc598e0000 - 0x00007ffc59914000 	C:\WINDOWS\system32\rsaenh.dll
0x00007ffc5a720000 - 0x00007ffc5a74e000 	C:\WINDOWS\SYSTEM32\USERENV.dll
0x00007ffc5a140000 - 0x00007ffc5a14c000 	C:\WINDOWS\SYSTEM32\CRYPTBASE.dll
0x00007ffc54ad0000 - 0x00007ffc54ae7000 	C:\WINDOWS\SYSTEM32\dhcpcsvc6.DLL
0x00007ffc54930000 - 0x00007ffc5494d000 	C:\WINDOWS\SYSTEM32\dhcpcsvc.DLL
0x00007ffc3c230000 - 0x00007ffc3c247000 	C:\WINDOWS\system32\napinsp.dll
0x00007ffc3c210000 - 0x00007ffc3c22b000 	C:\WINDOWS\system32\pnrpnsp.dll
0x00007ffc3c1f0000 - 0x00007ffc3c205000 	C:\WINDOWS\system32\wshbth.dll
0x00007ffc56520000 - 0x00007ffc5653d000 	C:\WINDOWS\system32\NLAapi.dll
0x00007ffc3b920000 - 0x00007ffc3b932000 	C:\WINDOWS\System32\winrnr.dll
0x00007ffc56760000 - 0x00007ffc5676d000 	C:\Program Files\OpenJDK\jdk-11\bin\sunmscapi.dll
0x00007ffc5ad90000 - 0x00007ffc5aee6000 	C:\WINDOWS\System32\CRYPT32.dll
0x00007ffc5a320000 - 0x00007ffc5a347000 	C:\WINDOWS\SYSTEM32\ncrypt.dll
0x00007ffc5a2e0000 - 0x00007ffc5a31b000 	C:\WINDOWS\SYSTEM32\NTASN1.dll
0x00007ffc378d0000 - 0x00007ffc378f7000 	C:\Program Files\OpenJDK\jdk-11\bin\sunec.dll

dbghelp: loaded successfully - version: 4.0.5 - missing functions: none
symbol engine: initialized successfully - sym options: 0x614 - pdb path: .;C:\Program Files\OpenJDK\jdk-11\bin;C:\WINDOWS\SYSTEM32;C:\Program Files\Avast Software\Avast;C:\WINDOWS\WinSxS\amd64_microsoft.windows.common-controls_6595b64144ccf1df_6.0.19041.1110_none_60b5254171f9507e;C:\Program Files\OpenJDK\jdk-11\bin\server;C:\Users\kdh03\AppData\Local\JetBrains\IntelliJ IDEA 2020.3.1\bin

VM Arguments:
jvm_args: -XX:TieredStopAtLevel=1 -Xverify:none -Dspring.output.ansi.enabled=always -javaagent:C:\Users\kdh03\AppData\Local\JetBrains\IntelliJ IDEA 2020.3.1\lib\idea_rt.jar=52959:C:\Users\kdh03\AppData\Local\JetBrains\IntelliJ IDEA 2020.3.1\bin -Dcom.sun.management.jmxremote -Dspring.jmx.enabled=true -Dspring.liveBeansView.mbeanDomain -Dspring.application.admin.enabled=true -Dfile.encoding=UTF-8 
java_command: waffle.team3.wafflestagram.WafflestagramApplicationKt
java_class_path (initial): C:\Users\kdh03\waffle\team3-server\build\classes\kotlin\main;C:\Users\kdh03\waffle\team3-server\build\resources\main;C:\Users\kdh03\.gradle\caches\modules-2\files-2.1\org.springframework.boot\spring-boot-starter-data-jpa\2.6.0\515f5ccf433b375ffdf6ffec27fb08cae3fedaba\spring-boot-starter-data-jpa-2.6.0.jar;C:\Users\kdh03\.gradle\caches\modules-2\files-2.1\org.springframework.boot\spring-boot-starter-oauth2-client\2.6.0\c7856efdbc7a3596d2ea1fe900157d9063024c5a\spring-boot-starter-oauth2-client-2.6.0.jar;C:\Users\kdh03\.gradle\caches\modules-2\files-2.1\org.springframework.boot\spring-boot-starter-security\2.6.0\e4d3377b73231e2726eebcafafbdc282e07a97c2\spring-boot-starter-security-2.6.0.jar;C:\Users\kdh03\.gradle\caches\modules-2\files-2.1\org.springframework.boot\spring-boot-starter-validation\2.6.0\1d95c8060436fa20bec403daff713d9471a45e58\spring-boot-starter-validation-2.6.0.jar;C:\Users\kdh03\.gradle\caches\modules-2\files-2.1\org.springframework.boot\spring-boot-starter-web\2.6.0\483a28b67c507a21b8c4ff62d88cd811911e5641\spring-boot-starter-web-2.6.0.jar;C:\Users\kdh03\.gradle\caches\modules-2\files-2.1\org.springframework.cloud\spring-cloud-starter-aws\2.0.1.RELEASE\c3089683993f0417c689fa95304b6f1db64d4bf3\spring-cloud-starter-aws-2.0.1.RELEASE.jar;C:\Users\kdh03\.gradle\caches\modules-2\files-2.1\io.jsonwebtoken\jjwt\0.9.1\54d2abfc3e63a28824d35bf600d6a5d627da681a\jjwt-0.9.1.jar;C:\Users\kdh03\.gradle\caches\modules-2\files-2.1\org.springdoc\springdoc-openapi-ui\1.6.2\84ef9214f55c21e51243f9a959307e705cf15d91\springdoc-openapi-ui-1.6.2.jar;C:\Users\kdh03\.gradle\caches\modules-2\files-2.1\com.fasterxml.jackson.module\jackson-module-kotlin\2.13.0\b736427958e447cc4a3c8c6a69e2deb4f6250252\jackson-module-kotlin-2.13.0.jar;C:\Users\kdh03\.gradle\caches\modules-2\files-2.1\org.jetbrains.kotlin\kotlin-reflect\1.6.0\a215a7f914d5916dc5fd2d45cea16524e0220203\kotlin-reflect-1.6.0.jar;C:\Users\kdh03\.gradle\caches\modules-2\files-2.1\org.jetbrains.k
Launcher Type: SUN_STANDARD

[Global flags]
     bool BytecodeVerificationLocal                = false                                     {product} {command line}
     bool BytecodeVerificationRemote               = false                                     {product} {command line}
     intx CICompilerCount                          = 12                                        {product} {ergonomic}
     uint ConcGCThreads                            = 3                                         {product} {ergonomic}
     uint G1ConcRefinementThreads                  = 13                                        {product} {ergonomic}
   size_t G1HeapRegionSize                         = 1048576                                   {product} {ergonomic}
    uintx GCDrainStackTargetSize                   = 64                                        {product} {ergonomic}
   size_t InitialHeapSize                          = 268435456                                 {product} {ergonomic}
     bool ManagementServer                         = true                                      {product} {command line}
   size_t MarkStackSize                            = 4194304                                   {product} {ergonomic}
   size_t MaxHeapSize                              = 4278190080                                {product} {ergonomic}
   size_t MaxNewSize                               = 2566914048                                {product} {ergonomic}
   size_t MinHeapDeltaBytes                        = 1048576                                   {product} {ergonomic}
    uintx NonNMethodCodeHeapSize                   = 12163472                               {pd product} {ergonomic}
    uintx NonProfiledCodeHeapSize                  = 239494768                              {pd product} {ergonomic}
    uintx ProfiledCodeHeapSize                     = 0                                      {pd product} {ergonomic}
    uintx ReservedCodeCacheSize                    = 251658240                              {pd product} {ergonomic}
     bool SegmentedCodeCache                       = true                                      {product} {ergonomic}
     intx TieredStopAtLevel                        = 1                                         {product} {command line}
     bool UseCompressedClassPointers               = true                                 {lp64_product} {ergonomic}
     bool UseCompressedOops                        = true                                 {lp64_product} {ergonomic}
     bool UseG1GC                                  = true                                      {product} {ergonomic}
     bool UseLargePagesIndividualAllocation        = false                                  {pd product} {ergonomic}

Logging:
Log output configuration:
 #0: stdout all=warning uptime,level,tags
 #1: stderr all=off uptime,level,tags

Environment Variables:
JAVA_HOME=C:\Program Files\jdk-11
PATH=C:\WINDOWS\system32;C:\WINDOWS;C:\WINDOWS\System32\Wbem;C:\WINDOWS\System32\WindowsPowerShell\v1.0\;C:\WINDOWS\System32\OpenSSH\;C:\Program Files\Git\cmd;C:\Program Files\nodejs\;C:\MinGW\bin;C:\Program Files\Graphviz 2.44.1\bin;C:\Program Files\jdk-11\bin;C:\Program Files\MATLAB\R2021a\bin;C:\Program Files\MySQL\MySQL Server 8.0\bin;;C:\Program Files\Docker\Docker\resources\bin;C:\ProgramData\DockerDesktop\version-bin;C:\HashiCorp\Vagrant\bin;C:\Users\kdh03\AppData\Local\Programs\Python\Python39\Scripts\;C:\Users\kdh03\AppData\Local\Programs\Python\Python39\;C:\Users\kdh03\AppData\Local\Microsoft\WindowsApps;C:\Users\kdh03\AppData\Roaming\npm;C:\Users\kdh03\AppData\Local\Programs\Microsoft VS Code\bin;C:\Program Files\jdk-11\bin;C:\Users\kdh03\AppData\Local\afreeca;
USERNAME=kdh03
OS=Windows_NT
PROCESSOR_IDENTIFIER=AMD64 Family 23 Model 113 Stepping 0, AuthenticAMD



---------------  S Y S T E M  ---------------

OS: Windows 10 , 64 bit Build 19041 (10.0.19041.1348)

CPU:total 16 (initial active 16) (16 cores per cpu, 2 threads per core) family 23 model 113 stepping 0, cmov, cx8, fxsr, mmx, sse, sse2, sse3, ssse3, sse4.1, sse4.2, popcnt, avx, avx2, aes, clmul, mmxext, 3dnowpref, lzcnt, sse4a, ht, tsc, tscinvbit, tscinv, bmi1, bmi2, adx, sha, fma

Memory: 4k page, system-wide physical 16315M (3939M free)
TotalPageFile size 16315M (AvailPageFile size 261M)
current process WorkingSet (physical memory assigned to process): 372M, peak: 372M
current process commit charge ("private bytes"): 483M, peak: 535M

vm_info: OpenJDK 64-Bit Server VM (11+28) for windows-amd64 JRE (11+28), built on Aug 23 2018 03:04:58 by "mach5one" with MS VC++ 15.5 (VS2017)

END.
